WARNING: The requested image's platform (linux/amd64) does not match the detected host platform (linux/arm64/v8) and no specific platform was requested
Downloading http://yann.lecun.com/exdb/mnist/train-images-idx3-ubyte.gz
Failed to download (trying next):
HTTP Error 404: Not Found

Downloading https://ossci-datasets.s3.amazonaws.com/mnist/train-images-idx3-ubyte.gz
Downloading https://ossci-datasets.s3.amazonaws.com/mnist/train-images-idx3-ubyte.gz to ../data/MNIST/raw/train-images-idx3-ubyte.gz
  0% 0/9912422 [00:00<?, ?it/s]  6% 557056/9912422 [00:00<00:01, 5088491.33it/s] 63% 6291456/9912422 [00:00<00:00, 34403262.45it/s]100% 9912422/9912422 [00:00<00:00, 41264699.21it/s]
Extracting ../data/MNIST/raw/train-images-idx3-ubyte.gz to ../data/MNIST/raw

Downloading http://yann.lecun.com/exdb/mnist/train-labels-idx1-ubyte.gz
Failed to download (trying next):
HTTP Error 404: Not Found

Downloading https://ossci-datasets.s3.amazonaws.com/mnist/train-labels-idx1-ubyte.gz
Downloading https://ossci-datasets.s3.amazonaws.com/mnist/train-labels-idx1-ubyte.gz to ../data/MNIST/raw/train-labels-idx1-ubyte.gz
  0% 0/28881 [00:00<?, ?it/s]100% 28881/28881 [00:00<00:00, 1560685.08it/s]
Extracting ../data/MNIST/raw/train-labels-idx1-ubyte.gz to ../data/MNIST/raw

Downloading http://yann.lecun.com/exdb/mnist/t10k-images-idx3-ubyte.gz
Failed to download (trying next):
HTTP Error 404: Not Found

Downloading https://ossci-datasets.s3.amazonaws.com/mnist/t10k-images-idx3-ubyte.gz
Downloading https://ossci-datasets.s3.amazonaws.com/mnist/t10k-images-idx3-ubyte.gz to ../data/MNIST/raw/t10k-images-idx3-ubyte.gz
  0% 0/1648877 [00:00<?, ?it/s] 50% 819200/1648877 [00:00<00:00, 7545073.90it/s]100% 1648877/1648877 [00:00<00:00, 12496867.42it/s]
Extracting ../data/MNIST/raw/t10k-images-idx3-ubyte.gz to ../data/MNIST/raw

Downloading http://yann.lecun.com/exdb/mnist/t10k-labels-idx1-ubyte.gz
Failed to download (trying next):
HTTP Error 404: Not Found

Downloading https://ossci-datasets.s3.amazonaws.com/mnist/t10k-labels-idx1-ubyte.gz
Downloading https://ossci-datasets.s3.amazonaws.com/mnist/t10k-labels-idx1-ubyte.gz to ../data/MNIST/raw/t10k-labels-idx1-ubyte.gz
  0% 0/4542 [00:00<?, ?it/s]100% 4542/4542 [00:00<00:00, 2283688.42it/s]
Extracting ../data/MNIST/raw/t10k-labels-idx1-ubyte.gz to ../data/MNIST/raw

Train Epoch: 1 [0/60000 (0%)]	Loss: 2.305400
Train Epoch: 1 [640/60000 (1%)]	Loss: 2.295728
Train Epoch: 1 [1280/60000 (2%)]	Loss: 2.302196
Train Epoch: 1 [1920/60000 (3%)]	Loss: 2.296046
Train Epoch: 1 [2560/60000 (4%)]	Loss: 2.278139
Train Epoch: 1 [3200/60000 (5%)]	Loss: 2.303018
Train Epoch: 1 [3840/60000 (6%)]	Loss: 2.261486
Train Epoch: 1 [4480/60000 (7%)]	Loss: 2.263275
Train Epoch: 1 [5120/60000 (9%)]	Loss: 2.265683
Train Epoch: 1 [5760/60000 (10%)]	Loss: 2.264574
Train Epoch: 1 [6400/60000 (11%)]	Loss: 2.256291
Train Epoch: 1 [7040/60000 (12%)]	Loss: 2.245602
Train Epoch: 1 [7680/60000 (13%)]	Loss: 2.260507
Train Epoch: 1 [8320/60000 (14%)]	Loss: 2.240586
Train Epoch: 1 [8960/60000 (15%)]	Loss: 2.232706
Train Epoch: 1 [9600/60000 (16%)]	Loss: 2.202194
Train Epoch: 1 [10240/60000 (17%)]	Loss: 2.217379
Train Epoch: 1 [10880/60000 (18%)]	Loss: 2.246038
Train Epoch: 1 [11520/60000 (19%)]	Loss: 2.211387
Train Epoch: 1 [12160/60000 (20%)]	Loss: 2.203544
Train Epoch: 1 [12800/60000 (21%)]	Loss: 2.268728
Train Epoch: 1 [13440/60000 (22%)]	Loss: 2.190881
Train Epoch: 1 [14080/60000 (23%)]	Loss: 2.193928
Train Epoch: 1 [14720/60000 (25%)]	Loss: 2.198856
Train Epoch: 1 [15360/60000 (26%)]	Loss: 2.204153
Train Epoch: 1 [16000/60000 (27%)]	Loss: 2.207856
Train Epoch: 1 [16640/60000 (28%)]	Loss: 2.170106
Train Epoch: 1 [17280/60000 (29%)]	Loss: 2.155902
Train Epoch: 1 [17920/60000 (30%)]	Loss: 2.164685
Train Epoch: 1 [18560/60000 (31%)]	Loss: 2.161816
Train Epoch: 1 [19200/60000 (32%)]	Loss: 2.097409
Train Epoch: 1 [19840/60000 (33%)]	Loss: 2.143671
Train Epoch: 1 [20480/60000 (34%)]	Loss: 2.149603
Train Epoch: 1 [21120/60000 (35%)]	Loss: 2.116071
Train Epoch: 1 [21760/60000 (36%)]	Loss: 2.068792
Train Epoch: 1 [22400/60000 (37%)]	Loss: 2.067009
Train Epoch: 1 [23040/60000 (38%)]	Loss: 2.132240
Train Epoch: 1 [23680/60000 (39%)]	Loss: 2.123846
Train Epoch: 1 [24320/60000 (41%)]	Loss: 2.074926
Train Epoch: 1 [24960/60000 (42%)]	Loss: 2.115800
Train Epoch: 1 [25600/60000 (43%)]	Loss: 2.080494
Train Epoch: 1 [26240/60000 (44%)]	Loss: 2.063287
Train Epoch: 1 [26880/60000 (45%)]	Loss: 2.085837
Train Epoch: 1 [27520/60000 (46%)]	Loss: 2.059174
Train Epoch: 1 [28160/60000 (47%)]	Loss: 2.036788
Train Epoch: 1 [28800/60000 (48%)]	Loss: 2.031890
Train Epoch: 1 [29440/60000 (49%)]	Loss: 2.024802
Train Epoch: 1 [30080/60000 (50%)]	Loss: 2.068949
Train Epoch: 1 [30720/60000 (51%)]	Loss: 2.079646
Train Epoch: 1 [31360/60000 (52%)]	Loss: 2.074303
Train Epoch: 1 [32000/60000 (53%)]	Loss: 2.055571
Train Epoch: 1 [32640/60000 (54%)]	Loss: 2.028005
Train Epoch: 1 [33280/60000 (55%)]	Loss: 1.987988
Train Epoch: 1 [33920/60000 (57%)]	Loss: 1.960909
Train Epoch: 1 [34560/60000 (58%)]	Loss: 2.003473
Train Epoch: 1 [35200/60000 (59%)]	Loss: 2.002389
Train Epoch: 1 [35840/60000 (60%)]	Loss: 2.012205
Train Epoch: 1 [36480/60000 (61%)]	Loss: 1.975001
Train Epoch: 1 [37120/60000 (62%)]	Loss: 1.958796
Train Epoch: 1 [37760/60000 (63%)]	Loss: 1.972978
Train Epoch: 1 [38400/60000 (64%)]	Loss: 1.894627
Train Epoch: 1 [39040/60000 (65%)]	Loss: 1.813727
Train Epoch: 1 [39680/60000 (66%)]	Loss: 1.938437
Train Epoch: 1 [40320/60000 (67%)]	Loss: 1.894898
Train Epoch: 1 [40960/60000 (68%)]	Loss: 1.896007
Train Epoch: 1 [41600/60000 (69%)]	Loss: 1.868841
Train Epoch: 1 [42240/60000 (70%)]	Loss: 1.904603
Train Epoch: 1 [42880/60000 (71%)]	Loss: 1.903137
Train Epoch: 1 [43520/60000 (72%)]	Loss: 1.917150
Train Epoch: 1 [44160/60000 (74%)]	Loss: 1.856814
Train Epoch: 1 [44800/60000 (75%)]	Loss: 1.854206
Train Epoch: 1 [45440/60000 (76%)]	Loss: 1.959518
Train Epoch: 1 [46080/60000 (77%)]	Loss: 1.852106
Train Epoch: 1 [46720/60000 (78%)]	Loss: 1.761044
Train Epoch: 1 [47360/60000 (79%)]	Loss: 1.845418
Train Epoch: 1 [48000/60000 (80%)]	Loss: 1.760350
Train Epoch: 1 [48640/60000 (81%)]	Loss: 1.744874
Train Epoch: 1 [49280/60000 (82%)]	Loss: 1.692379
Train Epoch: 1 [49920/60000 (83%)]	Loss: 1.759889
Train Epoch: 1 [50560/60000 (84%)]	Loss: 1.785038
Train Epoch: 1 [51200/60000 (85%)]	Loss: 1.759245
Train Epoch: 1 [51840/60000 (86%)]	Loss: 1.710436
Train Epoch: 1 [52480/60000 (87%)]	Loss: 1.592414
Train Epoch: 1 [53120/60000 (88%)]	Loss: 1.762028
Train Epoch: 1 [53760/60000 (90%)]	Loss: 1.682406
Train Epoch: 1 [54400/60000 (91%)]	Loss: 1.644407
Train Epoch: 1 [55040/60000 (92%)]	Loss: 1.613036
Train Epoch: 1 [55680/60000 (93%)]	Loss: 1.643145
Train Epoch: 1 [56320/60000 (94%)]	Loss: 1.748924
Train Epoch: 1 [56960/60000 (95%)]	Loss: 1.593264
Train Epoch: 1 [57600/60000 (96%)]	Loss: 1.677743
Train Epoch: 1 [58240/60000 (97%)]	Loss: 1.537707
Train Epoch: 1 [58880/60000 (98%)]	Loss: 1.361426
Train Epoch: 1 [59520/60000 (99%)]	Loss: 1.472342

Test set: Average loss: 1.5164, Accuracy: 7567/10000 (76%)

Train Epoch: 2 [0/60000 (0%)]	Loss: 1.563994
Train Epoch: 2 [640/60000 (1%)]	Loss: 1.649132
Train Epoch: 2 [1280/60000 (2%)]	Loss: 1.590404
Train Epoch: 2 [1920/60000 (3%)]	Loss: 1.546085
Train Epoch: 2 [2560/60000 (4%)]	Loss: 1.463663
Train Epoch: 2 [3200/60000 (5%)]	Loss: 1.529857
Train Epoch: 2 [3840/60000 (6%)]	Loss: 1.483560
Train Epoch: 2 [4480/60000 (7%)]	Loss: 1.432086
Train Epoch: 2 [5120/60000 (9%)]	Loss: 1.490271
Train Epoch: 2 [5760/60000 (10%)]	Loss: 1.616759
Train Epoch: 2 [6400/60000 (11%)]	Loss: 1.431452
Train Epoch: 2 [7040/60000 (12%)]	Loss: 1.480429
Train Epoch: 2 [7680/60000 (13%)]	Loss: 1.570742
Train Epoch: 2 [8320/60000 (14%)]	Loss: 1.528540
Train Epoch: 2 [8960/60000 (15%)]	Loss: 1.386430
Train Epoch: 2 [9600/60000 (16%)]	Loss: 1.409553
Train Epoch: 2 [10240/60000 (17%)]	Loss: 1.402094
Train Epoch: 2 [10880/60000 (18%)]	Loss: 1.431943
Train Epoch: 2 [11520/60000 (19%)]	Loss: 1.575340
Train Epoch: 2 [12160/60000 (20%)]	Loss: 1.393336
Train Epoch: 2 [12800/60000 (21%)]	Loss: 1.562675
Train Epoch: 2 [13440/60000 (22%)]	Loss: 1.343383
Train Epoch: 2 [14080/60000 (23%)]	Loss: 1.478648
Train Epoch: 2 [14720/60000 (25%)]	Loss: 1.483050
Train Epoch: 2 [15360/60000 (26%)]	Loss: 1.627060
Train Epoch: 2 [16000/60000 (27%)]	Loss: 1.617256
Train Epoch: 2 [16640/60000 (28%)]	Loss: 1.531074
Train Epoch: 2 [17280/60000 (29%)]	Loss: 1.369578
Train Epoch: 2 [17920/60000 (30%)]	Loss: 1.390929
Train Epoch: 2 [18560/60000 (31%)]	Loss: 1.312472
Train Epoch: 2 [19200/60000 (32%)]	Loss: 1.345952
Train Epoch: 2 [19840/60000 (33%)]	Loss: 1.338367
Train Epoch: 2 [20480/60000 (34%)]	Loss: 1.327660
Train Epoch: 2 [21120/60000 (35%)]	Loss: 1.300416
Train Epoch: 2 [21760/60000 (36%)]	Loss: 1.154119
Train Epoch: 2 [22400/60000 (37%)]	Loss: 1.318085
Train Epoch: 2 [23040/60000 (38%)]	Loss: 1.353510
Train Epoch: 2 [23680/60000 (39%)]	Loss: 1.535460
Train Epoch: 2 [24320/60000 (41%)]	Loss: 1.372407
Train Epoch: 2 [24960/60000 (42%)]	Loss: 1.394705
Train Epoch: 2 [25600/60000 (43%)]	Loss: 1.274534
Train Epoch: 2 [26240/60000 (44%)]	Loss: 1.394781
Train Epoch: 2 [26880/60000 (45%)]	Loss: 1.352359
Train Epoch: 2 [27520/60000 (46%)]	Loss: 1.225324
Train Epoch: 2 [28160/60000 (47%)]	Loss: 1.303348
Train Epoch: 2 [28800/60000 (48%)]	Loss: 1.250255
Train Epoch: 2 [29440/60000 (49%)]	Loss: 1.105199
Train Epoch: 2 [30080/60000 (50%)]	Loss: 1.555303
Train Epoch: 2 [30720/60000 (51%)]	Loss: 1.477580
Train Epoch: 2 [31360/60000 (52%)]	Loss: 1.399706
Train Epoch: 2 [32000/60000 (53%)]	Loss: 1.330727
Train Epoch: 2 [32640/60000 (54%)]	Loss: 1.283622
Train Epoch: 2 [33280/60000 (55%)]	Loss: 1.315048
Train Epoch: 2 [33920/60000 (57%)]	Loss: 1.228335
Train Epoch: 2 [34560/60000 (58%)]	Loss: 1.214866
Train Epoch: 2 [35200/60000 (59%)]	Loss: 1.353814
Train Epoch: 2 [35840/60000 (60%)]	Loss: 1.250667
Train Epoch: 2 [36480/60000 (61%)]	Loss: 1.328195
Train Epoch: 2 [37120/60000 (62%)]	Loss: 1.250200
Train Epoch: 2 [37760/60000 (63%)]	Loss: 1.324169
Train Epoch: 2 [38400/60000 (64%)]	Loss: 1.114021
Train Epoch: 2 [39040/60000 (65%)]	Loss: 0.987641
Train Epoch: 2 [39680/60000 (66%)]	Loss: 1.244429
Train Epoch: 2 [40320/60000 (67%)]	Loss: 1.094314
Train Epoch: 2 [40960/60000 (68%)]	Loss: 1.237808
Train Epoch: 2 [41600/60000 (69%)]	Loss: 1.150968
Train Epoch: 2 [42240/60000 (70%)]	Loss: 1.177562
Train Epoch: 2 [42880/60000 (71%)]	Loss: 1.332875
Train Epoch: 2 [43520/60000 (72%)]	Loss: 1.258298
Train Epoch: 2 [44160/60000 (74%)]	Loss: 1.147692
Train Epoch: 2 [44800/60000 (75%)]	Loss: 1.239969
Train Epoch: 2 [45440/60000 (76%)]	Loss: 1.519882
Train Epoch: 2 [46080/60000 (77%)]	Loss: 1.332211
Train Epoch: 2 [46720/60000 (78%)]	Loss: 1.188120
Train Epoch: 2 [47360/60000 (79%)]	Loss: 1.227255
Train Epoch: 2 [48000/60000 (80%)]	Loss: 1.048980
Train Epoch: 2 [48640/60000 (81%)]	Loss: 1.085628
Train Epoch: 2 [49280/60000 (82%)]	Loss: 0.984461
Train Epoch: 2 [49920/60000 (83%)]	Loss: 1.102863
Train Epoch: 2 [50560/60000 (84%)]	Loss: 1.248216
Train Epoch: 2 [51200/60000 (85%)]	Loss: 1.233468
Train Epoch: 2 [51840/60000 (86%)]	Loss: 1.071687
Train Epoch: 2 [52480/60000 (87%)]	Loss: 0.864573
Train Epoch: 2 [53120/60000 (88%)]	Loss: 1.139033
Train Epoch: 2 [53760/60000 (90%)]	Loss: 1.023599
Train Epoch: 2 [54400/60000 (91%)]	Loss: 1.029622
Train Epoch: 2 [55040/60000 (92%)]	Loss: 0.975384
Train Epoch: 2 [55680/60000 (93%)]	Loss: 1.080655
Train Epoch: 2 [56320/60000 (94%)]	Loss: 1.148576
Train Epoch: 2 [56960/60000 (95%)]	Loss: 1.028516
Train Epoch: 2 [57600/60000 (96%)]	Loss: 1.177773
Train Epoch: 2 [58240/60000 (97%)]	Loss: 0.890783
Train Epoch: 2 [58880/60000 (98%)]	Loss: 0.743276
Train Epoch: 2 [59520/60000 (99%)]	Loss: 0.851004

Test set: Average loss: 0.9201, Accuracy: 8214/10000 (82%)

Train Epoch: 3 [0/60000 (0%)]	Loss: 1.095850
Train Epoch: 3 [640/60000 (1%)]	Loss: 1.160782
Train Epoch: 3 [1280/60000 (2%)]	Loss: 1.049890
Train Epoch: 3 [1920/60000 (3%)]	Loss: 1.065174
Train Epoch: 3 [2560/60000 (4%)]	Loss: 0.938891
Train Epoch: 3 [3200/60000 (5%)]	Loss: 1.083239
Train Epoch: 3 [3840/60000 (6%)]	Loss: 0.921369
Train Epoch: 3 [4480/60000 (7%)]	Loss: 0.971388
Train Epoch: 3 [5120/60000 (9%)]	Loss: 1.137671
Train Epoch: 3 [5760/60000 (10%)]	Loss: 1.051520
Train Epoch: 3 [6400/60000 (11%)]	Loss: 0.886040
Train Epoch: 3 [7040/60000 (12%)]	Loss: 1.040975
Train Epoch: 3 [7680/60000 (13%)]	Loss: 1.094220
Train Epoch: 3 [8320/60000 (14%)]	Loss: 1.040698
Train Epoch: 3 [8960/60000 (15%)]	Loss: 0.855697
Train Epoch: 3 [9600/60000 (16%)]	Loss: 0.848580
Train Epoch: 3 [10240/60000 (17%)]	Loss: 1.014179
Train Epoch: 3 [10880/60000 (18%)]	Loss: 0.967191
Train Epoch: 3 [11520/60000 (19%)]	Loss: 1.025491
Train Epoch: 3 [12160/60000 (20%)]	Loss: 1.045160
Train Epoch: 3 [12800/60000 (21%)]	Loss: 1.049828
Train Epoch: 3 [13440/60000 (22%)]	Loss: 0.913553
Train Epoch: 3 [14080/60000 (23%)]	Loss: 0.979974
Train Epoch: 3 [14720/60000 (25%)]	Loss: 1.230969
Train Epoch: 3 [15360/60000 (26%)]	Loss: 1.102407
Train Epoch: 3 [16000/60000 (27%)]	Loss: 1.302266
Train Epoch: 3 [16640/60000 (28%)]	Loss: 1.084771
Train Epoch: 3 [17280/60000 (29%)]	Loss: 0.864436
Train Epoch: 3 [17920/60000 (30%)]	Loss: 0.954636
Train Epoch: 3 [18560/60000 (31%)]	Loss: 0.942583
Train Epoch: 3 [19200/60000 (32%)]	Loss: 0.902069
Train Epoch: 3 [19840/60000 (33%)]	Loss: 0.861242
Train Epoch: 3 [20480/60000 (34%)]	Loss: 0.862191
Train Epoch: 3 [21120/60000 (35%)]	Loss: 0.926949
Train Epoch: 3 [21760/60000 (36%)]	Loss: 0.716196
Train Epoch: 3 [22400/60000 (37%)]	Loss: 0.896917
Train Epoch: 3 [23040/60000 (38%)]	Loss: 1.065307
Train Epoch: 3 [23680/60000 (39%)]	Loss: 1.235916
Train Epoch: 3 [24320/60000 (41%)]	Loss: 0.891696
Train Epoch: 3 [24960/60000 (42%)]	Loss: 1.153678
Train Epoch: 3 [25600/60000 (43%)]	Loss: 0.920752
Train Epoch: 3 [26240/60000 (44%)]	Loss: 1.020766
Train Epoch: 3 [26880/60000 (45%)]	Loss: 0.966133
Train Epoch: 3 [27520/60000 (46%)]	Loss: 0.898477
Train Epoch: 3 [28160/60000 (47%)]	Loss: 1.011534
Train Epoch: 3 [28800/60000 (48%)]	Loss: 0.921172
Train Epoch: 3 [29440/60000 (49%)]	Loss: 0.851447
Train Epoch: 3 [30080/60000 (50%)]	Loss: 1.229077
Train Epoch: 3 [30720/60000 (51%)]	Loss: 1.090238
Train Epoch: 3 [31360/60000 (52%)]	Loss: 1.117796
Train Epoch: 3 [32000/60000 (53%)]	Loss: 0.881707
Train Epoch: 3 [32640/60000 (54%)]	Loss: 0.924911
Train Epoch: 3 [33280/60000 (55%)]	Loss: 1.052765
Train Epoch: 3 [33920/60000 (57%)]	Loss: 0.773858
Train Epoch: 3 [34560/60000 (58%)]	Loss: 0.967746
Train Epoch: 3 [35200/60000 (59%)]	Loss: 1.043063
Train Epoch: 3 [35840/60000 (60%)]	Loss: 0.968351
Train Epoch: 3 [36480/60000 (61%)]	Loss: 1.030467
Train Epoch: 3 [37120/60000 (62%)]	Loss: 0.959536
Train Epoch: 3 [37760/60000 (63%)]	Loss: 0.922929
Train Epoch: 3 [38400/60000 (64%)]	Loss: 0.831651
Train Epoch: 3 [39040/60000 (65%)]	Loss: 0.695842
Train Epoch: 3 [39680/60000 (66%)]	Loss: 1.095775
Train Epoch: 3 [40320/60000 (67%)]	Loss: 0.767727
Train Epoch: 3 [40960/60000 (68%)]	Loss: 0.922028
Train Epoch: 3 [41600/60000 (69%)]	Loss: 1.019276
Train Epoch: 3 [42240/60000 (70%)]	Loss: 0.942403
Train Epoch: 3 [42880/60000 (71%)]	Loss: 0.982931
Train Epoch: 3 [43520/60000 (72%)]	Loss: 0.916233
Train Epoch: 3 [44160/60000 (74%)]	Loss: 0.883060
Train Epoch: 3 [44800/60000 (75%)]	Loss: 1.013353
Train Epoch: 3 [45440/60000 (76%)]	Loss: 1.264227
Train Epoch: 3 [46080/60000 (77%)]	Loss: 0.957954
Train Epoch: 3 [46720/60000 (78%)]	Loss: 0.935857
Train Epoch: 3 [47360/60000 (79%)]	Loss: 0.950426
Train Epoch: 3 [48000/60000 (80%)]	Loss: 0.828739
Train Epoch: 3 [48640/60000 (81%)]	Loss: 0.944898
Train Epoch: 3 [49280/60000 (82%)]	Loss: 0.713244
Train Epoch: 3 [49920/60000 (83%)]	Loss: 0.879126
Train Epoch: 3 [50560/60000 (84%)]	Loss: 1.060773
Train Epoch: 3 [51200/60000 (85%)]	Loss: 0.996544
Train Epoch: 3 [51840/60000 (86%)]	Loss: 0.889714
Train Epoch: 3 [52480/60000 (87%)]	Loss: 0.589683
Train Epoch: 3 [53120/60000 (88%)]	Loss: 0.969429
Train Epoch: 3 [53760/60000 (90%)]	Loss: 0.694827
Train Epoch: 3 [54400/60000 (91%)]	Loss: 0.920619
Train Epoch: 3 [55040/60000 (92%)]	Loss: 0.762648
Train Epoch: 3 [55680/60000 (93%)]	Loss: 0.836574
Train Epoch: 3 [56320/60000 (94%)]	Loss: 1.008241
Train Epoch: 3 [56960/60000 (95%)]	Loss: 0.831188
Train Epoch: 3 [57600/60000 (96%)]	Loss: 0.951885
Train Epoch: 3 [58240/60000 (97%)]	Loss: 0.744484
Train Epoch: 3 [58880/60000 (98%)]	Loss: 0.499334
Train Epoch: 3 [59520/60000 (99%)]	Loss: 0.745110

Test set: Average loss: 0.7082, Accuracy: 8467/10000 (85%)

Train Epoch: 4 [0/60000 (0%)]	Loss: 0.955244
Train Epoch: 4 [640/60000 (1%)]	Loss: 0.916977
Train Epoch: 4 [1280/60000 (2%)]	Loss: 0.976388
Train Epoch: 4 [1920/60000 (3%)]	Loss: 0.802965
Train Epoch: 4 [2560/60000 (4%)]	Loss: 0.822839
Train Epoch: 4 [3200/60000 (5%)]	Loss: 0.867938
Train Epoch: 4 [3840/60000 (6%)]	Loss: 0.709405
Train Epoch: 4 [4480/60000 (7%)]	Loss: 0.781277
Train Epoch: 4 [5120/60000 (9%)]	Loss: 0.988149
Train Epoch: 4 [5760/60000 (10%)]	Loss: 0.897162
Train Epoch: 4 [6400/60000 (11%)]	Loss: 0.775914
Train Epoch: 4 [7040/60000 (12%)]	Loss: 0.747230
Train Epoch: 4 [7680/60000 (13%)]	Loss: 1.027681
Train Epoch: 4 [8320/60000 (14%)]	Loss: 0.983064
Train Epoch: 4 [8960/60000 (15%)]	Loss: 0.698628
Train Epoch: 4 [9600/60000 (16%)]	Loss: 0.807958
Train Epoch: 4 [10240/60000 (17%)]	Loss: 0.861093
Train Epoch: 4 [10880/60000 (18%)]	Loss: 0.873569
Train Epoch: 4 [11520/60000 (19%)]	Loss: 0.954187
Train Epoch: 4 [12160/60000 (20%)]	Loss: 0.793674
Train Epoch: 4 [12800/60000 (21%)]	Loss: 0.880963
Train Epoch: 4 [13440/60000 (22%)]	Loss: 0.665075
Train Epoch: 4 [14080/60000 (23%)]	Loss: 0.870513
Train Epoch: 4 [14720/60000 (25%)]	Loss: 1.258877
Train Epoch: 4 [15360/60000 (26%)]	Loss: 0.887556
Train Epoch: 4 [16000/60000 (27%)]	Loss: 1.184703
Train Epoch: 4 [16640/60000 (28%)]	Loss: 0.938217
Train Epoch: 4 [17280/60000 (29%)]	Loss: 0.719774
Train Epoch: 4 [17920/60000 (30%)]	Loss: 0.716836
Train Epoch: 4 [18560/60000 (31%)]	Loss: 0.662262
Train Epoch: 4 [19200/60000 (32%)]	Loss: 0.734717
Train Epoch: 4 [19840/60000 (33%)]	Loss: 0.750472
Train Epoch: 4 [20480/60000 (34%)]	Loss: 0.720481
Train Epoch: 4 [21120/60000 (35%)]	Loss: 0.776714
Train Epoch: 4 [21760/60000 (36%)]	Loss: 0.596865
Train Epoch: 4 [22400/60000 (37%)]	Loss: 0.771825
Train Epoch: 4 [23040/60000 (38%)]	Loss: 1.049738
Train Epoch: 4 [23680/60000 (39%)]	Loss: 0.991027
Train Epoch: 4 [24320/60000 (41%)]	Loss: 0.853275
Train Epoch: 4 [24960/60000 (42%)]	Loss: 0.879708
Train Epoch: 4 [25600/60000 (43%)]	Loss: 0.816067
Train Epoch: 4 [26240/60000 (44%)]	Loss: 0.810692
Train Epoch: 4 [26880/60000 (45%)]	Loss: 0.900341
Train Epoch: 4 [27520/60000 (46%)]	Loss: 0.672195
Train Epoch: 4 [28160/60000 (47%)]	Loss: 0.835674
Train Epoch: 4 [28800/60000 (48%)]	Loss: 0.750532
Train Epoch: 4 [29440/60000 (49%)]	Loss: 0.659960
Train Epoch: 4 [30080/60000 (50%)]	Loss: 1.058098
Train Epoch: 4 [30720/60000 (51%)]	Loss: 0.906732
Train Epoch: 4 [31360/60000 (52%)]	Loss: 0.849906
Train Epoch: 4 [32000/60000 (53%)]	Loss: 0.919520
Train Epoch: 4 [32640/60000 (54%)]	Loss: 0.961018
Train Epoch: 4 [33280/60000 (55%)]	Loss: 0.893071
Train Epoch: 4 [33920/60000 (57%)]	Loss: 0.613974
Train Epoch: 4 [34560/60000 (58%)]	Loss: 0.822763
Train Epoch: 4 [35200/60000 (59%)]	Loss: 0.951132
Train Epoch: 4 [35840/60000 (60%)]	Loss: 0.829552
Train Epoch: 4 [36480/60000 (61%)]	Loss: 0.982189
Train Epoch: 4 [37120/60000 (62%)]	Loss: 0.812616
Train Epoch: 4 [37760/60000 (63%)]	Loss: 0.934290
Train Epoch: 4 [38400/60000 (64%)]	Loss: 0.807871
Train Epoch: 4 [39040/60000 (65%)]	Loss: 0.583761
Train Epoch: 4 [39680/60000 (66%)]	Loss: 0.827038
Train Epoch: 4 [40320/60000 (67%)]	Loss: 0.641856
Train Epoch: 4 [40960/60000 (68%)]	Loss: 0.948012
Train Epoch: 4 [41600/60000 (69%)]	Loss: 0.794147
Train Epoch: 4 [42240/60000 (70%)]	Loss: 0.864316
Train Epoch: 4 [42880/60000 (71%)]	Loss: 0.942227
Train Epoch: 4 [43520/60000 (72%)]	Loss: 0.797537
Train Epoch: 4 [44160/60000 (74%)]	Loss: 0.870564
Train Epoch: 4 [44800/60000 (75%)]	Loss: 0.858417
Train Epoch: 4 [45440/60000 (76%)]	Loss: 1.098734
Train Epoch: 4 [46080/60000 (77%)]	Loss: 0.973654
Train Epoch: 4 [46720/60000 (78%)]	Loss: 0.816648
Train Epoch: 4 [47360/60000 (79%)]	Loss: 0.815341
Train Epoch: 4 [48000/60000 (80%)]	Loss: 0.735156
Train Epoch: 4 [48640/60000 (81%)]	Loss: 0.742417
Train Epoch: 4 [49280/60000 (82%)]	Loss: 0.596284
Train Epoch: 4 [49920/60000 (83%)]	Loss: 0.907149
Train Epoch: 4 [50560/60000 (84%)]	Loss: 0.983042
Train Epoch: 4 [51200/60000 (85%)]	Loss: 0.936370
Train Epoch: 4 [51840/60000 (86%)]	Loss: 0.768431
Train Epoch: 4 [52480/60000 (87%)]	Loss: 0.540921
Train Epoch: 4 [53120/60000 (88%)]	Loss: 0.888693
Train Epoch: 4 [53760/60000 (90%)]	Loss: 0.681807
Train Epoch: 4 [54400/60000 (91%)]	Loss: 0.652457
Train Epoch: 4 [55040/60000 (92%)]	Loss: 0.636103
Train Epoch: 4 [55680/60000 (93%)]	Loss: 0.686327
Train Epoch: 4 [56320/60000 (94%)]	Loss: 0.821073
Train Epoch: 4 [56960/60000 (95%)]	Loss: 0.754871
Train Epoch: 4 [57600/60000 (96%)]	Loss: 0.783159
Train Epoch: 4 [58240/60000 (97%)]	Loss: 0.642303
Train Epoch: 4 [58880/60000 (98%)]	Loss: 0.390607
Train Epoch: 4 [59520/60000 (99%)]	Loss: 0.544649

Test set: Average loss: 0.6199, Accuracy: 8595/10000 (86%)

Train Epoch: 5 [0/60000 (0%)]	Loss: 0.762338
Train Epoch: 5 [640/60000 (1%)]	Loss: 0.757908
Train Epoch: 5 [1280/60000 (2%)]	Loss: 0.886501
Train Epoch: 5 [1920/60000 (3%)]	Loss: 0.815168
Train Epoch: 5 [2560/60000 (4%)]	Loss: 0.700680
Train Epoch: 5 [3200/60000 (5%)]	Loss: 0.851687
Train Epoch: 5 [3840/60000 (6%)]	Loss: 0.600297
Train Epoch: 5 [4480/60000 (7%)]	Loss: 0.656096
Train Epoch: 5 [5120/60000 (9%)]	Loss: 1.040113
Train Epoch: 5 [5760/60000 (10%)]	Loss: 0.798746
Train Epoch: 5 [6400/60000 (11%)]	Loss: 0.732908
Train Epoch: 5 [7040/60000 (12%)]	Loss: 0.769388
Train Epoch: 5 [7680/60000 (13%)]	Loss: 0.880624
Train Epoch: 5 [8320/60000 (14%)]	Loss: 0.780531
Train Epoch: 5 [8960/60000 (15%)]	Loss: 0.688703
Train Epoch: 5 [9600/60000 (16%)]	Loss: 0.709146
Train Epoch: 5 [10240/60000 (17%)]	Loss: 0.973104
Train Epoch: 5 [10880/60000 (18%)]	Loss: 0.711932
Train Epoch: 5 [11520/60000 (19%)]	Loss: 0.836982
Train Epoch: 5 [12160/60000 (20%)]	Loss: 0.787562
Train Epoch: 5 [12800/60000 (21%)]	Loss: 0.771703
Train Epoch: 5 [13440/60000 (22%)]	Loss: 0.690677
Train Epoch: 5 [14080/60000 (23%)]	Loss: 0.905094
Train Epoch: 5 [14720/60000 (25%)]	Loss: 1.103857
Train Epoch: 5 [15360/60000 (26%)]	Loss: 0.785990
Train Epoch: 5 [16000/60000 (27%)]	Loss: 1.034843
Train Epoch: 5 [16640/60000 (28%)]	Loss: 0.843231
Train Epoch: 5 [17280/60000 (29%)]	Loss: 0.584743
Train Epoch: 5 [17920/60000 (30%)]	Loss: 0.658596
Train Epoch: 5 [18560/60000 (31%)]	Loss: 0.658771
Train Epoch: 5 [19200/60000 (32%)]	Loss: 0.787372
Train Epoch: 5 [19840/60000 (33%)]	Loss: 0.807803
Train Epoch: 5 [20480/60000 (34%)]	Loss: 0.643219
Train Epoch: 5 [21120/60000 (35%)]	Loss: 0.716839
Train Epoch: 5 [21760/60000 (36%)]	Loss: 0.540533
Train Epoch: 5 [22400/60000 (37%)]	Loss: 0.737255
Train Epoch: 5 [23040/60000 (38%)]	Loss: 0.803941
Train Epoch: 5 [23680/60000 (39%)]	Loss: 1.011702
Train Epoch: 5 [24320/60000 (41%)]	Loss: 0.708574
Train Epoch: 5 [24960/60000 (42%)]	Loss: 0.771460
Train Epoch: 5 [25600/60000 (43%)]	Loss: 0.700917
Train Epoch: 5 [26240/60000 (44%)]	Loss: 0.875181
Train Epoch: 5 [26880/60000 (45%)]	Loss: 0.822377
Train Epoch: 5 [27520/60000 (46%)]	Loss: 0.552522
Train Epoch: 5 [28160/60000 (47%)]	Loss: 0.740592
Train Epoch: 5 [28800/60000 (48%)]	Loss: 0.727134
Train Epoch: 5 [29440/60000 (49%)]	Loss: 0.695621
Train Epoch: 5 [30080/60000 (50%)]	Loss: 1.073245
Train Epoch: 5 [30720/60000 (51%)]	Loss: 0.916394
Train Epoch: 5 [31360/60000 (52%)]	Loss: 1.000548
Train Epoch: 5 [32000/60000 (53%)]	Loss: 0.825435
Train Epoch: 5 [32640/60000 (54%)]	Loss: 0.867012
Train Epoch: 5 [33280/60000 (55%)]	Loss: 0.759942
Train Epoch: 5 [33920/60000 (57%)]	Loss: 0.575867
Train Epoch: 5 [34560/60000 (58%)]	Loss: 0.788267
Train Epoch: 5 [35200/60000 (59%)]	Loss: 0.942481
Train Epoch: 5 [35840/60000 (60%)]	Loss: 0.745899
Train Epoch: 5 [36480/60000 (61%)]	Loss: 0.843456
Train Epoch: 5 [37120/60000 (62%)]	Loss: 0.745709
Train Epoch: 5 [37760/60000 (63%)]	Loss: 0.720033
Train Epoch: 5 [38400/60000 (64%)]	Loss: 0.747185
Train Epoch: 5 [39040/60000 (65%)]	Loss: 0.590290
Train Epoch: 5 [39680/60000 (66%)]	Loss: 0.873426
Train Epoch: 5 [40320/60000 (67%)]	Loss: 0.737080
Train Epoch: 5 [40960/60000 (68%)]	Loss: 0.804175
Train Epoch: 5 [41600/60000 (69%)]	Loss: 0.746864
Train Epoch: 5 [42240/60000 (70%)]	Loss: 0.777737
Train Epoch: 5 [42880/60000 (71%)]	Loss: 0.813259
Train Epoch: 5 [43520/60000 (72%)]	Loss: 0.773637
Train Epoch: 5 [44160/60000 (74%)]	Loss: 0.859162
Train Epoch: 5 [44800/60000 (75%)]	Loss: 0.840481
Train Epoch: 5 [45440/60000 (76%)]	Loss: 1.128338
Train Epoch: 5 [46080/60000 (77%)]	Loss: 0.821802
Train Epoch: 5 [46720/60000 (78%)]	Loss: 0.748989
Train Epoch: 5 [47360/60000 (79%)]	Loss: 0.814755
Train Epoch: 5 [48000/60000 (80%)]	Loss: 0.621910
Train Epoch: 5 [48640/60000 (81%)]	Loss: 0.758430
Train Epoch: 5 [49280/60000 (82%)]	Loss: 0.575883
Train Epoch: 5 [49920/60000 (83%)]	Loss: 0.730010
Train Epoch: 5 [50560/60000 (84%)]	Loss: 0.854781
Train Epoch: 5 [51200/60000 (85%)]	Loss: 0.727315
Train Epoch: 5 [51840/60000 (86%)]	Loss: 0.721599
Train Epoch: 5 [52480/60000 (87%)]	Loss: 0.502379
Train Epoch: 5 [53120/60000 (88%)]	Loss: 0.783806
Train Epoch: 5 [53760/60000 (90%)]	Loss: 0.561231
Train Epoch: 5 [54400/60000 (91%)]	Loss: 0.662382
Train Epoch: 5 [55040/60000 (92%)]	Loss: 0.571338
Train Epoch: 5 [55680/60000 (93%)]	Loss: 0.589237
Train Epoch: 5 [56320/60000 (94%)]	Loss: 0.763698
Train Epoch: 5 [56960/60000 (95%)]	Loss: 0.575602
Train Epoch: 5 [57600/60000 (96%)]	Loss: 0.820841
Train Epoch: 5 [58240/60000 (97%)]	Loss: 0.570502
Train Epoch: 5 [58880/60000 (98%)]	Loss: 0.302240
Train Epoch: 5 [59520/60000 (99%)]	Loss: 0.550972

Test set: Average loss: 0.5737, Accuracy: 8663/10000 (87%)

Train Epoch: 6 [0/60000 (0%)]	Loss: 0.766931
Train Epoch: 6 [640/60000 (1%)]	Loss: 0.757732
Train Epoch: 6 [1280/60000 (2%)]	Loss: 0.702119
Train Epoch: 6 [1920/60000 (3%)]	Loss: 0.721914
Train Epoch: 6 [2560/60000 (4%)]	Loss: 0.619405
Train Epoch: 6 [3200/60000 (5%)]	Loss: 0.744863
Train Epoch: 6 [3840/60000 (6%)]	Loss: 0.618373
Train Epoch: 6 [4480/60000 (7%)]	Loss: 0.570025
Train Epoch: 6 [5120/60000 (9%)]	Loss: 0.949600
Train Epoch: 6 [5760/60000 (10%)]	Loss: 0.712054
Train Epoch: 6 [6400/60000 (11%)]	Loss: 0.786425
Train Epoch: 6 [7040/60000 (12%)]	Loss: 0.717492
Train Epoch: 6 [7680/60000 (13%)]	Loss: 0.846284
Train Epoch: 6 [8320/60000 (14%)]	Loss: 0.679133
Train Epoch: 6 [8960/60000 (15%)]	Loss: 0.566646
Train Epoch: 6 [9600/60000 (16%)]	Loss: 0.711597
Train Epoch: 6 [10240/60000 (17%)]	Loss: 0.881810
Train Epoch: 6 [10880/60000 (18%)]	Loss: 0.673841
Train Epoch: 6 [11520/60000 (19%)]	Loss: 0.917677
Train Epoch: 6 [12160/60000 (20%)]	Loss: 0.714443
Train Epoch: 6 [12800/60000 (21%)]	Loss: 0.714013
Train Epoch: 6 [13440/60000 (22%)]	Loss: 0.592767
Train Epoch: 6 [14080/60000 (23%)]	Loss: 0.846593
Train Epoch: 6 [14720/60000 (25%)]	Loss: 1.081393
Train Epoch: 6 [15360/60000 (26%)]	Loss: 0.759925
Train Epoch: 6 [16000/60000 (27%)]	Loss: 0.964246
Train Epoch: 6 [16640/60000 (28%)]	Loss: 0.846994
Train Epoch: 6 [17280/60000 (29%)]	Loss: 0.682012
Train Epoch: 6 [17920/60000 (30%)]	Loss: 0.705750
Train Epoch: 6 [18560/60000 (31%)]	Loss: 0.685003
Train Epoch: 6 [19200/60000 (32%)]	Loss: 0.769712
Train Epoch: 6 [19840/60000 (33%)]	Loss: 0.742231
Train Epoch: 6 [20480/60000 (34%)]	Loss: 0.661552
Train Epoch: 6 [21120/60000 (35%)]	Loss: 0.609322
Train Epoch: 6 [21760/60000 (36%)]	Loss: 0.477431
Train Epoch: 6 [22400/60000 (37%)]	Loss: 0.651381
Train Epoch: 6 [23040/60000 (38%)]	Loss: 0.848090
Train Epoch: 6 [23680/60000 (39%)]	Loss: 0.857000
Train Epoch: 6 [24320/60000 (41%)]	Loss: 0.573248
Train Epoch: 6 [24960/60000 (42%)]	Loss: 0.872186
Train Epoch: 6 [25600/60000 (43%)]	Loss: 0.698895
Train Epoch: 6 [26240/60000 (44%)]	Loss: 0.752530
Train Epoch: 6 [26880/60000 (45%)]	Loss: 0.867996
Train Epoch: 6 [27520/60000 (46%)]	Loss: 0.596531
Train Epoch: 6 [28160/60000 (47%)]	Loss: 0.707639
Train Epoch: 6 [28800/60000 (48%)]	Loss: 0.706364
Train Epoch: 6 [29440/60000 (49%)]	Loss: 0.620533
Train Epoch: 6 [30080/60000 (50%)]	Loss: 1.093529
Train Epoch: 6 [30720/60000 (51%)]	Loss: 0.918774
Train Epoch: 6 [31360/60000 (52%)]	Loss: 0.887113
Train Epoch: 6 [32000/60000 (53%)]	Loss: 0.757422
Train Epoch: 6 [32640/60000 (54%)]	Loss: 0.703561
Train Epoch: 6 [33280/60000 (55%)]	Loss: 0.695009
Train Epoch: 6 [33920/60000 (57%)]	Loss: 0.497247
Train Epoch: 6 [34560/60000 (58%)]	Loss: 0.734930
Train Epoch: 6 [35200/60000 (59%)]	Loss: 0.803477
Train Epoch: 6 [35840/60000 (60%)]	Loss: 0.634272
Train Epoch: 6 [36480/60000 (61%)]	Loss: 0.867332
Train Epoch: 6 [37120/60000 (62%)]	Loss: 0.736256
Train Epoch: 6 [37760/60000 (63%)]	Loss: 0.715645
Train Epoch: 6 [38400/60000 (64%)]	Loss: 0.730391
Train Epoch: 6 [39040/60000 (65%)]	Loss: 0.450027
Train Epoch: 6 [39680/60000 (66%)]	Loss: 0.764407
Train Epoch: 6 [40320/60000 (67%)]	Loss: 0.635753
Train Epoch: 6 [40960/60000 (68%)]	Loss: 0.796751
Train Epoch: 6 [41600/60000 (69%)]	Loss: 0.722829
Train Epoch: 6 [42240/60000 (70%)]	Loss: 0.735430
Train Epoch: 6 [42880/60000 (71%)]	Loss: 0.738745
Train Epoch: 6 [43520/60000 (72%)]	Loss: 0.746064
Train Epoch: 6 [44160/60000 (74%)]	Loss: 0.685368
Train Epoch: 6 [44800/60000 (75%)]	Loss: 0.828463
Train Epoch: 6 [45440/60000 (76%)]	Loss: 0.985611
Train Epoch: 6 [46080/60000 (77%)]	Loss: 0.879656
Train Epoch: 6 [46720/60000 (78%)]	Loss: 0.688973
Train Epoch: 6 [47360/60000 (79%)]	Loss: 0.776772
Train Epoch: 6 [48000/60000 (80%)]	Loss: 0.604908
Train Epoch: 6 [48640/60000 (81%)]	Loss: 0.697862
Train Epoch: 6 [49280/60000 (82%)]	Loss: 0.533918
Train Epoch: 6 [49920/60000 (83%)]	Loss: 0.768072
Train Epoch: 6 [50560/60000 (84%)]	Loss: 0.810491
Train Epoch: 6 [51200/60000 (85%)]	Loss: 0.834615
Train Epoch: 6 [51840/60000 (86%)]	Loss: 0.590529
Train Epoch: 6 [52480/60000 (87%)]	Loss: 0.447419
Train Epoch: 6 [53120/60000 (88%)]	Loss: 0.791358
Train Epoch: 6 [53760/60000 (90%)]	Loss: 0.637537
Train Epoch: 6 [54400/60000 (91%)]	Loss: 0.710106
Train Epoch: 6 [55040/60000 (92%)]	Loss: 0.628817
Train Epoch: 6 [55680/60000 (93%)]	Loss: 0.694039
Train Epoch: 6 [56320/60000 (94%)]	Loss: 0.706017
Train Epoch: 6 [56960/60000 (95%)]	Loss: 0.645616
Train Epoch: 6 [57600/60000 (96%)]	Loss: 0.762435
Train Epoch: 6 [58240/60000 (97%)]	Loss: 0.541548
Train Epoch: 6 [58880/60000 (98%)]	Loss: 0.265418
Train Epoch: 6 [59520/60000 (99%)]	Loss: 0.529033

Test set: Average loss: 0.5473, Accuracy: 8700/10000 (87%)

Train Epoch: 7 [0/60000 (0%)]	Loss: 0.738365
Train Epoch: 7 [640/60000 (1%)]	Loss: 0.811380
Train Epoch: 7 [1280/60000 (2%)]	Loss: 0.680372
Train Epoch: 7 [1920/60000 (3%)]	Loss: 0.672968
Train Epoch: 7 [2560/60000 (4%)]	Loss: 0.729762
Train Epoch: 7 [3200/60000 (5%)]	Loss: 0.655632
Train Epoch: 7 [3840/60000 (6%)]	Loss: 0.568308
Train Epoch: 7 [4480/60000 (7%)]	Loss: 0.606724
Train Epoch: 7 [5120/60000 (9%)]	Loss: 0.932574
Train Epoch: 7 [5760/60000 (10%)]	Loss: 0.612482
Train Epoch: 7 [6400/60000 (11%)]	Loss: 0.618367
Train Epoch: 7 [7040/60000 (12%)]	Loss: 0.666841
Train Epoch: 7 [7680/60000 (13%)]	Loss: 0.805819
Train Epoch: 7 [8320/60000 (14%)]	Loss: 0.733327
Train Epoch: 7 [8960/60000 (15%)]	Loss: 0.615656
Train Epoch: 7 [9600/60000 (16%)]	Loss: 0.665019
Train Epoch: 7 [10240/60000 (17%)]	Loss: 0.975978
Train Epoch: 7 [10880/60000 (18%)]	Loss: 0.523456
Train Epoch: 7 [11520/60000 (19%)]	Loss: 0.826483
Train Epoch: 7 [12160/60000 (20%)]	Loss: 0.758072
Train Epoch: 7 [12800/60000 (21%)]	Loss: 0.659049
Train Epoch: 7 [13440/60000 (22%)]	Loss: 0.577910
Train Epoch: 7 [14080/60000 (23%)]	Loss: 0.891186
Train Epoch: 7 [14720/60000 (25%)]	Loss: 0.881423
Train Epoch: 7 [15360/60000 (26%)]	Loss: 0.798663
Train Epoch: 7 [16000/60000 (27%)]	Loss: 1.040593
Train Epoch: 7 [16640/60000 (28%)]	Loss: 0.704600
Train Epoch: 7 [17280/60000 (29%)]	Loss: 0.583227
Train Epoch: 7 [17920/60000 (30%)]	Loss: 0.452526
Train Epoch: 7 [18560/60000 (31%)]	Loss: 0.613035
Train Epoch: 7 [19200/60000 (32%)]	Loss: 0.777770
Train Epoch: 7 [19840/60000 (33%)]	Loss: 0.666279
Train Epoch: 7 [20480/60000 (34%)]	Loss: 0.605155
Train Epoch: 7 [21120/60000 (35%)]	Loss: 0.578784
Train Epoch: 7 [21760/60000 (36%)]	Loss: 0.433031
Train Epoch: 7 [22400/60000 (37%)]	Loss: 0.618116
Train Epoch: 7 [23040/60000 (38%)]	Loss: 0.899402
Train Epoch: 7 [23680/60000 (39%)]	Loss: 0.945534
Train Epoch: 7 [24320/60000 (41%)]	Loss: 0.632802
Train Epoch: 7 [24960/60000 (42%)]	Loss: 0.834287
Train Epoch: 7 [25600/60000 (43%)]	Loss: 0.720434
Train Epoch: 7 [26240/60000 (44%)]	Loss: 0.569947
Train Epoch: 7 [26880/60000 (45%)]	Loss: 0.721620
Train Epoch: 7 [27520/60000 (46%)]	Loss: 0.578719
Train Epoch: 7 [28160/60000 (47%)]	Loss: 0.692048
Train Epoch: 7 [28800/60000 (48%)]	Loss: 0.533091
Train Epoch: 7 [29440/60000 (49%)]	Loss: 0.522511
Train Epoch: 7 [30080/60000 (50%)]	Loss: 1.013557
Train Epoch: 7 [30720/60000 (51%)]	Loss: 0.806861
Train Epoch: 7 [31360/60000 (52%)]	Loss: 0.877990
Train Epoch: 7 [32000/60000 (53%)]	Loss: 0.767858
Train Epoch: 7 [32640/60000 (54%)]	Loss: 0.732057
Train Epoch: 7 [33280/60000 (55%)]	Loss: 0.710538
Train Epoch: 7 [33920/60000 (57%)]	Loss: 0.504826
Train Epoch: 7 [34560/60000 (58%)]	Loss: 0.810707
Train Epoch: 7 [35200/60000 (59%)]	Loss: 0.750720
Train Epoch: 7 [35840/60000 (60%)]	Loss: 0.705534
Train Epoch: 7 [36480/60000 (61%)]	Loss: 0.817008
Train Epoch: 7 [37120/60000 (62%)]	Loss: 0.734463
Train Epoch: 7 [37760/60000 (63%)]	Loss: 0.718773
Train Epoch: 7 [38400/60000 (64%)]	Loss: 0.742236
Train Epoch: 7 [39040/60000 (65%)]	Loss: 0.475856
Train Epoch: 7 [39680/60000 (66%)]	Loss: 0.714330
Train Epoch: 7 [40320/60000 (67%)]	Loss: 0.574509
Train Epoch: 7 [40960/60000 (68%)]	Loss: 0.791760
Train Epoch: 7 [41600/60000 (69%)]	Loss: 0.641438
Train Epoch: 7 [42240/60000 (70%)]	Loss: 0.759286
Train Epoch: 7 [42880/60000 (71%)]	Loss: 0.802014
Train Epoch: 7 [43520/60000 (72%)]	Loss: 0.661625
Train Epoch: 7 [44160/60000 (74%)]	Loss: 0.655524
Train Epoch: 7 [44800/60000 (75%)]	Loss: 0.846553
Train Epoch: 7 [45440/60000 (76%)]	Loss: 1.016754
Train Epoch: 7 [46080/60000 (77%)]	Loss: 0.741989
Train Epoch: 7 [46720/60000 (78%)]	Loss: 0.729840
Train Epoch: 7 [47360/60000 (79%)]	Loss: 0.711657
Train Epoch: 7 [48000/60000 (80%)]	Loss: 0.628138
Train Epoch: 7 [48640/60000 (81%)]	Loss: 0.600772
Train Epoch: 7 [49280/60000 (82%)]	Loss: 0.565754
Train Epoch: 7 [49920/60000 (83%)]	Loss: 0.748044
Train Epoch: 7 [50560/60000 (84%)]	Loss: 0.872560
Train Epoch: 7 [51200/60000 (85%)]	Loss: 0.805848
Train Epoch: 7 [51840/60000 (86%)]	Loss: 0.604931
Train Epoch: 7 [52480/60000 (87%)]	Loss: 0.382846
Train Epoch: 7 [53120/60000 (88%)]	Loss: 0.790180
Train Epoch: 7 [53760/60000 (90%)]	Loss: 0.558393
Train Epoch: 7 [54400/60000 (91%)]	Loss: 0.702414
Train Epoch: 7 [55040/60000 (92%)]	Loss: 0.658581
Train Epoch: 7 [55680/60000 (93%)]	Loss: 0.684749
Train Epoch: 7 [56320/60000 (94%)]	Loss: 0.733222
Train Epoch: 7 [56960/60000 (95%)]	Loss: 0.615843
Train Epoch: 7 [57600/60000 (96%)]	Loss: 0.635671
Train Epoch: 7 [58240/60000 (97%)]	Loss: 0.569490
Train Epoch: 7 [58880/60000 (98%)]	Loss: 0.272932
Train Epoch: 7 [59520/60000 (99%)]	Loss: 0.527075

Test set: Average loss: 0.5308, Accuracy: 8730/10000 (87%)

Train Epoch: 8 [0/60000 (0%)]	Loss: 0.673868
Train Epoch: 8 [640/60000 (1%)]	Loss: 0.743200
Train Epoch: 8 [1280/60000 (2%)]	Loss: 0.766597
Train Epoch: 8 [1920/60000 (3%)]	Loss: 0.655155
Train Epoch: 8 [2560/60000 (4%)]	Loss: 0.523590
Train Epoch: 8 [3200/60000 (5%)]	Loss: 0.676590
Train Epoch: 8 [3840/60000 (6%)]	Loss: 0.635151
Train Epoch: 8 [4480/60000 (7%)]	Loss: 0.538853
Train Epoch: 8 [5120/60000 (9%)]	Loss: 0.991258
Train Epoch: 8 [5760/60000 (10%)]	Loss: 0.746753
Train Epoch: 8 [6400/60000 (11%)]	Loss: 0.604117
Train Epoch: 8 [7040/60000 (12%)]	Loss: 0.638626
Train Epoch: 8 [7680/60000 (13%)]	Loss: 0.772779
Train Epoch: 8 [8320/60000 (14%)]	Loss: 0.709996
Train Epoch: 8 [8960/60000 (15%)]	Loss: 0.560068
Train Epoch: 8 [9600/60000 (16%)]	Loss: 0.734086
Train Epoch: 8 [10240/60000 (17%)]	Loss: 0.847259
Train Epoch: 8 [10880/60000 (18%)]	Loss: 0.671934
Train Epoch: 8 [11520/60000 (19%)]	Loss: 0.749214
Train Epoch: 8 [12160/60000 (20%)]	Loss: 0.662040
Train Epoch: 8 [12800/60000 (21%)]	Loss: 0.708976
Train Epoch: 8 [13440/60000 (22%)]	Loss: 0.531386
Train Epoch: 8 [14080/60000 (23%)]	Loss: 0.828113
Train Epoch: 8 [14720/60000 (25%)]	Loss: 1.056355
Train Epoch: 8 [15360/60000 (26%)]	Loss: 0.657056
Train Epoch: 8 [16000/60000 (27%)]	Loss: 0.859581
Train Epoch: 8 [16640/60000 (28%)]	Loss: 0.839721
Train Epoch: 8 [17280/60000 (29%)]	Loss: 0.458915
Train Epoch: 8 [17920/60000 (30%)]	Loss: 0.517034
Train Epoch: 8 [18560/60000 (31%)]	Loss: 0.685070
Train Epoch: 8 [19200/60000 (32%)]	Loss: 0.755122
Train Epoch: 8 [19840/60000 (33%)]	Loss: 0.543195
Train Epoch: 8 [20480/60000 (34%)]	Loss: 0.502640
Train Epoch: 8 [21120/60000 (35%)]	Loss: 0.610997
Train Epoch: 8 [21760/60000 (36%)]	Loss: 0.447584
Train Epoch: 8 [22400/60000 (37%)]	Loss: 0.635851
Train Epoch: 8 [23040/60000 (38%)]	Loss: 0.718431
Train Epoch: 8 [23680/60000 (39%)]	Loss: 0.880601
Train Epoch: 8 [24320/60000 (41%)]	Loss: 0.723334
Train Epoch: 8 [24960/60000 (42%)]	Loss: 0.818127
Train Epoch: 8 [25600/60000 (43%)]	Loss: 0.614123
Train Epoch: 8 [26240/60000 (44%)]	Loss: 0.706188
Train Epoch: 8 [26880/60000 (45%)]	Loss: 0.719952
Train Epoch: 8 [27520/60000 (46%)]	Loss: 0.581519
Train Epoch: 8 [28160/60000 (47%)]	Loss: 0.686310
Train Epoch: 8 [28800/60000 (48%)]	Loss: 0.690940
Train Epoch: 8 [29440/60000 (49%)]	Loss: 0.550850
Train Epoch: 8 [30080/60000 (50%)]	Loss: 0.939512
Train Epoch: 8 [30720/60000 (51%)]	Loss: 0.819808
Train Epoch: 8 [31360/60000 (52%)]	Loss: 0.792458
Train Epoch: 8 [32000/60000 (53%)]	Loss: 0.614637
Train Epoch: 8 [32640/60000 (54%)]	Loss: 0.726846
Train Epoch: 8 [33280/60000 (55%)]	Loss: 0.697588
Train Epoch: 8 [33920/60000 (57%)]	Loss: 0.457228
Train Epoch: 8 [34560/60000 (58%)]	Loss: 0.608709
Train Epoch: 8 [35200/60000 (59%)]	Loss: 0.856518
Train Epoch: 8 [35840/60000 (60%)]	Loss: 0.704707
Train Epoch: 8 [36480/60000 (61%)]	Loss: 0.858300
Train Epoch: 8 [37120/60000 (62%)]	Loss: 0.788808
Train Epoch: 8 [37760/60000 (63%)]	Loss: 0.725617
Train Epoch: 8 [38400/60000 (64%)]	Loss: 0.660998
Train Epoch: 8 [39040/60000 (65%)]	Loss: 0.433718
Train Epoch: 8 [39680/60000 (66%)]	Loss: 0.792378
Train Epoch: 8 [40320/60000 (67%)]	Loss: 0.561166
Train Epoch: 8 [40960/60000 (68%)]	Loss: 0.710560
Train Epoch: 8 [41600/60000 (69%)]	Loss: 0.663007
Train Epoch: 8 [42240/60000 (70%)]	Loss: 0.777734
Train Epoch: 8 [42880/60000 (71%)]	Loss: 0.898327
Train Epoch: 8 [43520/60000 (72%)]	Loss: 0.702207
Train Epoch: 8 [44160/60000 (74%)]	Loss: 0.777335
Train Epoch: 8 [44800/60000 (75%)]	Loss: 0.800883
Train Epoch: 8 [45440/60000 (76%)]	Loss: 0.983010
Train Epoch: 8 [46080/60000 (77%)]	Loss: 0.890742
Train Epoch: 8 [46720/60000 (78%)]	Loss: 0.688365
Train Epoch: 8 [47360/60000 (79%)]	Loss: 0.722289
Train Epoch: 8 [48000/60000 (80%)]	Loss: 0.508416
Train Epoch: 8 [48640/60000 (81%)]	Loss: 0.642503
Train Epoch: 8 [49280/60000 (82%)]	Loss: 0.538282
Train Epoch: 8 [49920/60000 (83%)]	Loss: 0.724231
Train Epoch: 8 [50560/60000 (84%)]	Loss: 0.811348
Train Epoch: 8 [51200/60000 (85%)]	Loss: 0.710126
Train Epoch: 8 [51840/60000 (86%)]	Loss: 0.578926
Train Epoch: 8 [52480/60000 (87%)]	Loss: 0.377138
Train Epoch: 8 [53120/60000 (88%)]	Loss: 0.697184
Train Epoch: 8 [53760/60000 (90%)]	Loss: 0.489418
Train Epoch: 8 [54400/60000 (91%)]	Loss: 0.616490
Train Epoch: 8 [55040/60000 (92%)]	Loss: 0.605981
Train Epoch: 8 [55680/60000 (93%)]	Loss: 0.719454
Train Epoch: 8 [56320/60000 (94%)]	Loss: 0.618981
Train Epoch: 8 [56960/60000 (95%)]	Loss: 0.639760
Train Epoch: 8 [57600/60000 (96%)]	Loss: 0.819127
Train Epoch: 8 [58240/60000 (97%)]	Loss: 0.583718
Train Epoch: 8 [58880/60000 (98%)]	Loss: 0.232330
Train Epoch: 8 [59520/60000 (99%)]	Loss: 0.414038

Test set: Average loss: 0.5204, Accuracy: 8744/10000 (87%)

Train Epoch: 9 [0/60000 (0%)]	Loss: 0.608145
Train Epoch: 9 [640/60000 (1%)]	Loss: 0.790372
Train Epoch: 9 [1280/60000 (2%)]	Loss: 0.782360
Train Epoch: 9 [1920/60000 (3%)]	Loss: 0.567242
Train Epoch: 9 [2560/60000 (4%)]	Loss: 0.618381
Train Epoch: 9 [3200/60000 (5%)]	Loss: 0.602543
Train Epoch: 9 [3840/60000 (6%)]	Loss: 0.625271
Train Epoch: 9 [4480/60000 (7%)]	Loss: 0.609796
Train Epoch: 9 [5120/60000 (9%)]	Loss: 0.841338
Train Epoch: 9 [5760/60000 (10%)]	Loss: 0.583105
Train Epoch: 9 [6400/60000 (11%)]	Loss: 0.755260
Train Epoch: 9 [7040/60000 (12%)]	Loss: 0.711052
Train Epoch: 9 [7680/60000 (13%)]	Loss: 0.738099
Train Epoch: 9 [8320/60000 (14%)]	Loss: 0.730993
Train Epoch: 9 [8960/60000 (15%)]	Loss: 0.551383
Train Epoch: 9 [9600/60000 (16%)]	Loss: 0.670214
Train Epoch: 9 [10240/60000 (17%)]	Loss: 0.937111
Train Epoch: 9 [10880/60000 (18%)]	Loss: 0.499794
Train Epoch: 9 [11520/60000 (19%)]	Loss: 0.734082
Train Epoch: 9 [12160/60000 (20%)]	Loss: 0.786123
Train Epoch: 9 [12800/60000 (21%)]	Loss: 0.648306
Train Epoch: 9 [13440/60000 (22%)]	Loss: 0.469485
Train Epoch: 9 [14080/60000 (23%)]	Loss: 0.861108
Train Epoch: 9 [14720/60000 (25%)]	Loss: 1.071330
Train Epoch: 9 [15360/60000 (26%)]	Loss: 0.668126
Train Epoch: 9 [16000/60000 (27%)]	Loss: 1.009995
Train Epoch: 9 [16640/60000 (28%)]	Loss: 0.727436
Train Epoch: 9 [17280/60000 (29%)]	Loss: 0.457103
Train Epoch: 9 [17920/60000 (30%)]	Loss: 0.583988
Train Epoch: 9 [18560/60000 (31%)]	Loss: 0.649024
Train Epoch: 9 [19200/60000 (32%)]	Loss: 0.672205
Train Epoch: 9 [19840/60000 (33%)]	Loss: 0.756898
Train Epoch: 9 [20480/60000 (34%)]	Loss: 0.502406
Train Epoch: 9 [21120/60000 (35%)]	Loss: 0.563299
Train Epoch: 9 [21760/60000 (36%)]	Loss: 0.403966
Train Epoch: 9 [22400/60000 (37%)]	Loss: 0.591135
Train Epoch: 9 [23040/60000 (38%)]	Loss: 0.668040
Train Epoch: 9 [23680/60000 (39%)]	Loss: 0.848368
Train Epoch: 9 [24320/60000 (41%)]	Loss: 0.608580
Train Epoch: 9 [24960/60000 (42%)]	Loss: 0.768971
Train Epoch: 9 [25600/60000 (43%)]	Loss: 0.664335
Train Epoch: 9 [26240/60000 (44%)]	Loss: 0.745392
Train Epoch: 9 [26880/60000 (45%)]	Loss: 0.929126
Train Epoch: 9 [27520/60000 (46%)]	Loss: 0.552629
Train Epoch: 9 [28160/60000 (47%)]	Loss: 0.593024
Train Epoch: 9 [28800/60000 (48%)]	Loss: 0.616862
Train Epoch: 9 [29440/60000 (49%)]	Loss: 0.529548
Train Epoch: 9 [30080/60000 (50%)]	Loss: 0.795552
Train Epoch: 9 [30720/60000 (51%)]	Loss: 0.791803
Train Epoch: 9 [31360/60000 (52%)]	Loss: 0.843790
Train Epoch: 9 [32000/60000 (53%)]	Loss: 0.645583
Train Epoch: 9 [32640/60000 (54%)]	Loss: 0.677410
Train Epoch: 9 [33280/60000 (55%)]	Loss: 0.759219
Train Epoch: 9 [33920/60000 (57%)]	Loss: 0.542235
Train Epoch: 9 [34560/60000 (58%)]	Loss: 0.722076
Train Epoch: 9 [35200/60000 (59%)]	Loss: 0.820483
Train Epoch: 9 [35840/60000 (60%)]	Loss: 0.663432
Train Epoch: 9 [36480/60000 (61%)]	Loss: 0.934613
Train Epoch: 9 [37120/60000 (62%)]	Loss: 0.811940
Train Epoch: 9 [37760/60000 (63%)]	Loss: 0.702814
Train Epoch: 9 [38400/60000 (64%)]	Loss: 0.706473
Train Epoch: 9 [39040/60000 (65%)]	Loss: 0.453198
Train Epoch: 9 [39680/60000 (66%)]	Loss: 0.725051
Train Epoch: 9 [40320/60000 (67%)]	Loss: 0.589700
Train Epoch: 9 [40960/60000 (68%)]	Loss: 0.606788
Train Epoch: 9 [41600/60000 (69%)]	Loss: 0.645477
Train Epoch: 9 [42240/60000 (70%)]	Loss: 0.826413
Train Epoch: 9 [42880/60000 (71%)]	Loss: 0.720481
Train Epoch: 9 [43520/60000 (72%)]	Loss: 0.778458
Train Epoch: 9 [44160/60000 (74%)]	Loss: 0.688542
Train Epoch: 9 [44800/60000 (75%)]	Loss: 0.761012
Train Epoch: 9 [45440/60000 (76%)]	Loss: 0.909712
Train Epoch: 9 [46080/60000 (77%)]	Loss: 0.723399
Train Epoch: 9 [46720/60000 (78%)]	Loss: 0.803885
Train Epoch: 9 [47360/60000 (79%)]	Loss: 0.736145
Train Epoch: 9 [48000/60000 (80%)]	Loss: 0.528845
Train Epoch: 9 [48640/60000 (81%)]	Loss: 0.637912
Train Epoch: 9 [49280/60000 (82%)]	Loss: 0.512856
Train Epoch: 9 [49920/60000 (83%)]	Loss: 0.632359
Train Epoch: 9 [50560/60000 (84%)]	Loss: 0.846897
Train Epoch: 9 [51200/60000 (85%)]	Loss: 0.728126
Train Epoch: 9 [51840/60000 (86%)]	Loss: 0.594486
Train Epoch: 9 [52480/60000 (87%)]	Loss: 0.405615
Train Epoch: 9 [53120/60000 (88%)]	Loss: 0.662210
Train Epoch: 9 [53760/60000 (90%)]	Loss: 0.485008
Train Epoch: 9 [54400/60000 (91%)]	Loss: 0.672972
Train Epoch: 9 [55040/60000 (92%)]	Loss: 0.619243
Train Epoch: 9 [55680/60000 (93%)]	Loss: 0.621541
Train Epoch: 9 [56320/60000 (94%)]	Loss: 0.692874
Train Epoch: 9 [56960/60000 (95%)]	Loss: 0.715147
Train Epoch: 9 [57600/60000 (96%)]	Loss: 0.762552
Train Epoch: 9 [58240/60000 (97%)]	Loss: 0.346022
Train Epoch: 9 [58880/60000 (98%)]	Loss: 0.266970
Train Epoch: 9 [59520/60000 (99%)]	Loss: 0.485909

Test set: Average loss: 0.5136, Accuracy: 8753/10000 (88%)

Train Epoch: 10 [0/60000 (0%)]	Loss: 0.683809
Train Epoch: 10 [640/60000 (1%)]	Loss: 0.647028
Train Epoch: 10 [1280/60000 (2%)]	Loss: 0.702425
Train Epoch: 10 [1920/60000 (3%)]	Loss: 0.608120
Train Epoch: 10 [2560/60000 (4%)]	Loss: 0.546456
Train Epoch: 10 [3200/60000 (5%)]	Loss: 0.732145
Train Epoch: 10 [3840/60000 (6%)]	Loss: 0.436997
Train Epoch: 10 [4480/60000 (7%)]	Loss: 0.548829
Train Epoch: 10 [5120/60000 (9%)]	Loss: 0.851019
Train Epoch: 10 [5760/60000 (10%)]	Loss: 0.647483
Train Epoch: 10 [6400/60000 (11%)]	Loss: 0.504149
Train Epoch: 10 [7040/60000 (12%)]	Loss: 0.648802
Train Epoch: 10 [7680/60000 (13%)]	Loss: 0.735765
Train Epoch: 10 [8320/60000 (14%)]	Loss: 0.726768
Train Epoch: 10 [8960/60000 (15%)]	Loss: 0.606026
Train Epoch: 10 [9600/60000 (16%)]	Loss: 0.744503
Train Epoch: 10 [10240/60000 (17%)]	Loss: 0.966722
Train Epoch: 10 [10880/60000 (18%)]	Loss: 0.553587
Train Epoch: 10 [11520/60000 (19%)]	Loss: 0.744784
Train Epoch: 10 [12160/60000 (20%)]	Loss: 0.759656
Train Epoch: 10 [12800/60000 (21%)]	Loss: 0.551067
Train Epoch: 10 [13440/60000 (22%)]	Loss: 0.567007
Train Epoch: 10 [14080/60000 (23%)]	Loss: 0.902223
Train Epoch: 10 [14720/60000 (25%)]	Loss: 0.983416
Train Epoch: 10 [15360/60000 (26%)]	Loss: 0.734435
Train Epoch: 10 [16000/60000 (27%)]	Loss: 0.961703
Train Epoch: 10 [16640/60000 (28%)]	Loss: 0.909446
Train Epoch: 10 [17280/60000 (29%)]	Loss: 0.512472
Train Epoch: 10 [17920/60000 (30%)]	Loss: 0.567525
Train Epoch: 10 [18560/60000 (31%)]	Loss: 0.670206
Train Epoch: 10 [19200/60000 (32%)]	Loss: 0.741697
Train Epoch: 10 [19840/60000 (33%)]	Loss: 0.646330
Train Epoch: 10 [20480/60000 (34%)]	Loss: 0.533220
Train Epoch: 10 [21120/60000 (35%)]	Loss: 0.659391
Train Epoch: 10 [21760/60000 (36%)]	Loss: 0.441721
Train Epoch: 10 [22400/60000 (37%)]	Loss: 0.593771
Train Epoch: 10 [23040/60000 (38%)]	Loss: 0.702243
Train Epoch: 10 [23680/60000 (39%)]	Loss: 0.857677
Train Epoch: 10 [24320/60000 (41%)]	Loss: 0.559166
Train Epoch: 10 [24960/60000 (42%)]	Loss: 0.887887
Train Epoch: 10 [25600/60000 (43%)]	Loss: 0.684760
Train Epoch: 10 [26240/60000 (44%)]	Loss: 0.754960
Train Epoch: 10 [26880/60000 (45%)]	Loss: 0.795737
Train Epoch: 10 [27520/60000 (46%)]	Loss: 0.610238
Train Epoch: 10 [28160/60000 (47%)]	Loss: 0.773068
Train Epoch: 10 [28800/60000 (48%)]	Loss: 0.589493
Train Epoch: 10 [29440/60000 (49%)]	Loss: 0.535455
Train Epoch: 10 [30080/60000 (50%)]	Loss: 0.959013
Train Epoch: 10 [30720/60000 (51%)]	Loss: 0.873677
Train Epoch: 10 [31360/60000 (52%)]	Loss: 0.875588
Train Epoch: 10 [32000/60000 (53%)]	Loss: 0.672922
Train Epoch: 10 [32640/60000 (54%)]	Loss: 0.691750
Train Epoch: 10 [33280/60000 (55%)]	Loss: 0.624578
Train Epoch: 10 [33920/60000 (57%)]	Loss: 0.509008
Train Epoch: 10 [34560/60000 (58%)]	Loss: 0.629842
Train Epoch: 10 [35200/60000 (59%)]	Loss: 0.802343
Train Epoch: 10 [35840/60000 (60%)]	Loss: 0.696346
Train Epoch: 10 [36480/60000 (61%)]	Loss: 0.870811
Train Epoch: 10 [37120/60000 (62%)]	Loss: 0.655099
Train Epoch: 10 [37760/60000 (63%)]	Loss: 0.772901
Train Epoch: 10 [38400/60000 (64%)]	Loss: 0.550505
Train Epoch: 10 [39040/60000 (65%)]	Loss: 0.515213
Train Epoch: 10 [39680/60000 (66%)]	Loss: 0.795594
Train Epoch: 10 [40320/60000 (67%)]	Loss: 0.518148
Train Epoch: 10 [40960/60000 (68%)]	Loss: 0.725566
Train Epoch: 10 [41600/60000 (69%)]	Loss: 0.601691
Train Epoch: 10 [42240/60000 (70%)]	Loss: 0.856676
Train Epoch: 10 [42880/60000 (71%)]	Loss: 0.736478
Train Epoch: 10 [43520/60000 (72%)]	Loss: 0.758011
Train Epoch: 10 [44160/60000 (74%)]	Loss: 0.735234
Train Epoch: 10 [44800/60000 (75%)]	Loss: 0.774059
Train Epoch: 10 [45440/60000 (76%)]	Loss: 1.060341
Train Epoch: 10 [46080/60000 (77%)]	Loss: 0.735092
Train Epoch: 10 [46720/60000 (78%)]	Loss: 0.718805
Train Epoch: 10 [47360/60000 (79%)]	Loss: 0.904634
Train Epoch: 10 [48000/60000 (80%)]	Loss: 0.555414
Train Epoch: 10 [48640/60000 (81%)]	Loss: 0.605843
Train Epoch: 10 [49280/60000 (82%)]	Loss: 0.532005
Train Epoch: 10 [49920/60000 (83%)]	Loss: 0.762129
Train Epoch: 10 [50560/60000 (84%)]	Loss: 0.781237
Train Epoch: 10 [51200/60000 (85%)]	Loss: 0.743285
Train Epoch: 10 [51840/60000 (86%)]	Loss: 0.603875
Train Epoch: 10 [52480/60000 (87%)]	Loss: 0.369411
Train Epoch: 10 [53120/60000 (88%)]	Loss: 0.779011
Train Epoch: 10 [53760/60000 (90%)]	Loss: 0.571281
Train Epoch: 10 [54400/60000 (91%)]	Loss: 0.685906
Train Epoch: 10 [55040/60000 (92%)]	Loss: 0.652852
Train Epoch: 10 [55680/60000 (93%)]	Loss: 0.592660
Train Epoch: 10 [56320/60000 (94%)]	Loss: 0.685950
Train Epoch: 10 [56960/60000 (95%)]	Loss: 0.624817
Train Epoch: 10 [57600/60000 (96%)]	Loss: 0.765792
Train Epoch: 10 [58240/60000 (97%)]	Loss: 0.465871
Train Epoch: 10 [58880/60000 (98%)]	Loss: 0.265627
Train Epoch: 10 [59520/60000 (99%)]	Loss: 0.472629

Test set: Average loss: 0.5089, Accuracy: 8758/10000 (88%)

