WARNING: The requested image's platform (linux/amd64) does not match the detected host platform (linux/arm64/v8) and no specific platform was requested
Downloading http://yann.lecun.com/exdb/mnist/train-images-idx3-ubyte.gz
Failed to download (trying next):
HTTP Error 404: Not Found

Downloading https://ossci-datasets.s3.amazonaws.com/mnist/train-images-idx3-ubyte.gz
Downloading https://ossci-datasets.s3.amazonaws.com/mnist/train-images-idx3-ubyte.gz to ../data/MNIST/raw/train-images-idx3-ubyte.gz
  0% 0/9912422 [00:00<?, ?it/s] 17% 1638400/9912422 [00:00<00:00, 16348934.58it/s] 81% 8060928/9912422 [00:00<00:00, 44473516.61it/s]100% 9912422/9912422 [00:00<00:00, 45773407.34it/s]
Extracting ../data/MNIST/raw/train-images-idx3-ubyte.gz to ../data/MNIST/raw

Downloading http://yann.lecun.com/exdb/mnist/train-labels-idx1-ubyte.gz
Failed to download (trying next):
HTTP Error 404: Not Found

Downloading https://ossci-datasets.s3.amazonaws.com/mnist/train-labels-idx1-ubyte.gz
Downloading https://ossci-datasets.s3.amazonaws.com/mnist/train-labels-idx1-ubyte.gz to ../data/MNIST/raw/train-labels-idx1-ubyte.gz
  0% 0/28881 [00:00<?, ?it/s]100% 28881/28881 [00:00<00:00, 1337422.37it/s]
Extracting ../data/MNIST/raw/train-labels-idx1-ubyte.gz to ../data/MNIST/raw

Downloading http://yann.lecun.com/exdb/mnist/t10k-images-idx3-ubyte.gz
Failed to download (trying next):
HTTP Error 404: Not Found

Downloading https://ossci-datasets.s3.amazonaws.com/mnist/t10k-images-idx3-ubyte.gz
Downloading https://ossci-datasets.s3.amazonaws.com/mnist/t10k-images-idx3-ubyte.gz to ../data/MNIST/raw/t10k-images-idx3-ubyte.gz
  0% 0/1648877 [00:00<?, ?it/s] 50% 819200/1648877 [00:00<00:00, 8164813.18it/s]100% 1648877/1648877 [00:00<00:00, 11841042.97it/s]
Extracting ../data/MNIST/raw/t10k-images-idx3-ubyte.gz to ../data/MNIST/raw

Downloading http://yann.lecun.com/exdb/mnist/t10k-labels-idx1-ubyte.gz
Failed to download (trying next):
HTTP Error 404: Not Found

Downloading https://ossci-datasets.s3.amazonaws.com/mnist/t10k-labels-idx1-ubyte.gz
Downloading https://ossci-datasets.s3.amazonaws.com/mnist/t10k-labels-idx1-ubyte.gz to ../data/MNIST/raw/t10k-labels-idx1-ubyte.gz
  0% 0/4542 [00:00<?, ?it/s]100% 4542/4542 [00:00<00:00, 1545932.71it/s]
Extracting ../data/MNIST/raw/t10k-labels-idx1-ubyte.gz to ../data/MNIST/raw

Train Epoch: 1 [0/60000 (0%)]	Loss: 2.311468
Train Epoch: 1 [2560/60000 (4%)]	Loss: 2.249695
Train Epoch: 1 [5120/60000 (9%)]	Loss: 2.171587
Train Epoch: 1 [7680/60000 (13%)]	Loss: 2.077079
Train Epoch: 1 [10240/60000 (17%)]	Loss: 1.959601
Train Epoch: 1 [12800/60000 (21%)]	Loss: 1.866351
Train Epoch: 1 [15360/60000 (26%)]	Loss: 1.688521
Train Epoch: 1 [17920/60000 (30%)]	Loss: 1.515311
Train Epoch: 1 [20480/60000 (34%)]	Loss: 1.348667
Train Epoch: 1 [23040/60000 (38%)]	Loss: 1.231404
Train Epoch: 1 [25600/60000 (43%)]	Loss: 1.066295
Train Epoch: 1 [28160/60000 (47%)]	Loss: 1.036267
Train Epoch: 1 [30720/60000 (51%)]	Loss: 1.044245
Train Epoch: 1 [33280/60000 (55%)]	Loss: 0.988826
Train Epoch: 1 [35840/60000 (60%)]	Loss: 0.903030
Train Epoch: 1 [38400/60000 (64%)]	Loss: 0.858198
Train Epoch: 1 [40960/60000 (68%)]	Loss: 0.818956
Train Epoch: 1 [43520/60000 (72%)]	Loss: 0.690616
Train Epoch: 1 [46080/60000 (77%)]	Loss: 0.815299
Train Epoch: 1 [48640/60000 (81%)]	Loss: 0.603358
Train Epoch: 1 [51200/60000 (85%)]	Loss: 0.631704
Train Epoch: 1 [53760/60000 (89%)]	Loss: 0.673530
Train Epoch: 1 [56320/60000 (94%)]	Loss: 0.576329
Train Epoch: 1 [58880/60000 (98%)]	Loss: 0.322318

Test set: Average loss: 0.4506, Accuracy: 8798/10000 (88%)

Train Epoch: 2 [0/60000 (0%)]	Loss: 0.610773
Train Epoch: 2 [2560/60000 (4%)]	Loss: 0.593836
Train Epoch: 2 [5120/60000 (9%)]	Loss: 0.617498
Train Epoch: 2 [7680/60000 (13%)]	Loss: 0.684483
Train Epoch: 2 [10240/60000 (17%)]	Loss: 0.492952
Train Epoch: 2 [12800/60000 (21%)]	Loss: 0.659776
Train Epoch: 2 [15360/60000 (26%)]	Loss: 0.495049
Train Epoch: 2 [17920/60000 (30%)]	Loss: 0.461880
Train Epoch: 2 [20480/60000 (34%)]	Loss: 0.518141
Train Epoch: 2 [23040/60000 (38%)]	Loss: 0.554883
Train Epoch: 2 [25600/60000 (43%)]	Loss: 0.460074
Train Epoch: 2 [28160/60000 (47%)]	Loss: 0.562029
Train Epoch: 2 [30720/60000 (51%)]	Loss: 0.678049
Train Epoch: 2 [33280/60000 (55%)]	Loss: 0.617017
Train Epoch: 2 [35840/60000 (60%)]	Loss: 0.561130
Train Epoch: 2 [38400/60000 (64%)]	Loss: 0.579670
Train Epoch: 2 [40960/60000 (68%)]	Loss: 0.545120
Train Epoch: 2 [43520/60000 (72%)]	Loss: 0.463358
Train Epoch: 2 [46080/60000 (77%)]	Loss: 0.637591
Train Epoch: 2 [48640/60000 (81%)]	Loss: 0.414916
Train Epoch: 2 [51200/60000 (85%)]	Loss: 0.530385
Train Epoch: 2 [53760/60000 (89%)]	Loss: 0.507495
Train Epoch: 2 [56320/60000 (94%)]	Loss: 0.431426
Train Epoch: 2 [58880/60000 (98%)]	Loss: 0.204905

Test set: Average loss: 0.3441, Accuracy: 9030/10000 (90%)

Train Epoch: 3 [0/60000 (0%)]	Loss: 0.454529
Train Epoch: 3 [2560/60000 (4%)]	Loss: 0.441942
Train Epoch: 3 [5120/60000 (9%)]	Loss: 0.481652
Train Epoch: 3 [7680/60000 (13%)]	Loss: 0.539787
Train Epoch: 3 [10240/60000 (17%)]	Loss: 0.351616
Train Epoch: 3 [12800/60000 (21%)]	Loss: 0.555689
Train Epoch: 3 [15360/60000 (26%)]	Loss: 0.448026
Train Epoch: 3 [17920/60000 (30%)]	Loss: 0.385395
Train Epoch: 3 [20480/60000 (34%)]	Loss: 0.470936
Train Epoch: 3 [23040/60000 (38%)]	Loss: 0.439194
Train Epoch: 3 [25600/60000 (43%)]	Loss: 0.447596
Train Epoch: 3 [28160/60000 (47%)]	Loss: 0.470886
Train Epoch: 3 [30720/60000 (51%)]	Loss: 0.540012
Train Epoch: 3 [33280/60000 (55%)]	Loss: 0.515830
Train Epoch: 3 [35840/60000 (60%)]	Loss: 0.521149
Train Epoch: 3 [38400/60000 (64%)]	Loss: 0.535881
Train Epoch: 3 [40960/60000 (68%)]	Loss: 0.423663
Train Epoch: 3 [43520/60000 (72%)]	Loss: 0.405665
Train Epoch: 3 [46080/60000 (77%)]	Loss: 0.561475
Train Epoch: 3 [48640/60000 (81%)]	Loss: 0.305680
Train Epoch: 3 [51200/60000 (85%)]	Loss: 0.404564
Train Epoch: 3 [53760/60000 (89%)]	Loss: 0.414533
Train Epoch: 3 [56320/60000 (94%)]	Loss: 0.403282
Train Epoch: 3 [58880/60000 (98%)]	Loss: 0.175182

Test set: Average loss: 0.3059, Accuracy: 9139/10000 (91%)

Train Epoch: 4 [0/60000 (0%)]	Loss: 0.421940
Train Epoch: 4 [2560/60000 (4%)]	Loss: 0.432688
Train Epoch: 4 [5120/60000 (9%)]	Loss: 0.431574
Train Epoch: 4 [7680/60000 (13%)]	Loss: 0.481760
Train Epoch: 4 [10240/60000 (17%)]	Loss: 0.336050
Train Epoch: 4 [12800/60000 (21%)]	Loss: 0.489944
Train Epoch: 4 [15360/60000 (26%)]	Loss: 0.386167
Train Epoch: 4 [17920/60000 (30%)]	Loss: 0.307622
Train Epoch: 4 [20480/60000 (34%)]	Loss: 0.490737
Train Epoch: 4 [23040/60000 (38%)]	Loss: 0.383840
Train Epoch: 4 [25600/60000 (43%)]	Loss: 0.428189
Train Epoch: 4 [28160/60000 (47%)]	Loss: 0.462847
Train Epoch: 4 [30720/60000 (51%)]	Loss: 0.507439
Train Epoch: 4 [33280/60000 (55%)]	Loss: 0.500980
Train Epoch: 4 [35840/60000 (60%)]	Loss: 0.441040
Train Epoch: 4 [38400/60000 (64%)]	Loss: 0.450793
Train Epoch: 4 [40960/60000 (68%)]	Loss: 0.442670
Train Epoch: 4 [43520/60000 (72%)]	Loss: 0.359563
Train Epoch: 4 [46080/60000 (77%)]	Loss: 0.556489
Train Epoch: 4 [48640/60000 (81%)]	Loss: 0.334375
Train Epoch: 4 [51200/60000 (85%)]	Loss: 0.354156
Train Epoch: 4 [53760/60000 (89%)]	Loss: 0.386794
Train Epoch: 4 [56320/60000 (94%)]	Loss: 0.382521
Train Epoch: 4 [58880/60000 (98%)]	Loss: 0.131046

Test set: Average loss: 0.2865, Accuracy: 9210/10000 (92%)

Train Epoch: 5 [0/60000 (0%)]	Loss: 0.421670
Train Epoch: 5 [2560/60000 (4%)]	Loss: 0.444874
Train Epoch: 5 [5120/60000 (9%)]	Loss: 0.430798
Train Epoch: 5 [7680/60000 (13%)]	Loss: 0.460933
Train Epoch: 5 [10240/60000 (17%)]	Loss: 0.326141
Train Epoch: 5 [12800/60000 (21%)]	Loss: 0.523647
Train Epoch: 5 [15360/60000 (26%)]	Loss: 0.333507
Train Epoch: 5 [17920/60000 (30%)]	Loss: 0.307965
Train Epoch: 5 [20480/60000 (34%)]	Loss: 0.414742
Train Epoch: 5 [23040/60000 (38%)]	Loss: 0.437786
Train Epoch: 5 [25600/60000 (43%)]	Loss: 0.378038
Train Epoch: 5 [28160/60000 (47%)]	Loss: 0.468561
Train Epoch: 5 [30720/60000 (51%)]	Loss: 0.441834
Train Epoch: 5 [33280/60000 (55%)]	Loss: 0.433351
Train Epoch: 5 [35840/60000 (60%)]	Loss: 0.434049
Train Epoch: 5 [38400/60000 (64%)]	Loss: 0.456713
Train Epoch: 5 [40960/60000 (68%)]	Loss: 0.418622
Train Epoch: 5 [43520/60000 (72%)]	Loss: 0.377404
Train Epoch: 5 [46080/60000 (77%)]	Loss: 0.506000
Train Epoch: 5 [48640/60000 (81%)]	Loss: 0.335459
Train Epoch: 5 [51200/60000 (85%)]	Loss: 0.403911
Train Epoch: 5 [53760/60000 (89%)]	Loss: 0.434275
Train Epoch: 5 [56320/60000 (94%)]	Loss: 0.322853
Train Epoch: 5 [58880/60000 (98%)]	Loss: 0.133319

Test set: Average loss: 0.2762, Accuracy: 9233/10000 (92%)

