WARNING: The requested image's platform (linux/amd64) does not match the detected host platform (linux/arm64/v8) and no specific platform was requested
Downloading http://yann.lecun.com/exdb/mnist/train-images-idx3-ubyte.gz
Failed to download (trying next):
HTTP Error 404: Not Found

Downloading https://ossci-datasets.s3.amazonaws.com/mnist/train-images-idx3-ubyte.gz
Downloading https://ossci-datasets.s3.amazonaws.com/mnist/train-images-idx3-ubyte.gz to ../data/MNIST/raw/train-images-idx3-ubyte.gz
  0% 0/9912422 [00:00<?, ?it/s]  8% 819200/9912422 [00:00<00:01, 8168365.26it/s] 62% 6160384/9912422 [00:00<00:00, 33528591.52it/s]100% 9912422/9912422 [00:00<00:00, 38736951.25it/s]
Extracting ../data/MNIST/raw/train-images-idx3-ubyte.gz to ../data/MNIST/raw

Downloading http://yann.lecun.com/exdb/mnist/train-labels-idx1-ubyte.gz
Failed to download (trying next):
HTTP Error 404: Not Found

Downloading https://ossci-datasets.s3.amazonaws.com/mnist/train-labels-idx1-ubyte.gz
Downloading https://ossci-datasets.s3.amazonaws.com/mnist/train-labels-idx1-ubyte.gz to ../data/MNIST/raw/train-labels-idx1-ubyte.gz
  0% 0/28881 [00:00<?, ?it/s]100% 28881/28881 [00:00<00:00, 1528603.26it/s]
Extracting ../data/MNIST/raw/train-labels-idx1-ubyte.gz to ../data/MNIST/raw

Downloading http://yann.lecun.com/exdb/mnist/t10k-images-idx3-ubyte.gz
Failed to download (trying next):
HTTP Error 404: Not Found

Downloading https://ossci-datasets.s3.amazonaws.com/mnist/t10k-images-idx3-ubyte.gz
Downloading https://ossci-datasets.s3.amazonaws.com/mnist/t10k-images-idx3-ubyte.gz to ../data/MNIST/raw/t10k-images-idx3-ubyte.gz
  0% 0/1648877 [00:00<?, ?it/s] 44% 720896/1648877 [00:00<00:00, 6455742.99it/s]100% 1648877/1648877 [00:00<00:00, 11518652.98it/s]
Extracting ../data/MNIST/raw/t10k-images-idx3-ubyte.gz to ../data/MNIST/raw

Downloading http://yann.lecun.com/exdb/mnist/t10k-labels-idx1-ubyte.gz
Failed to download (trying next):
HTTP Error 404: Not Found

Downloading https://ossci-datasets.s3.amazonaws.com/mnist/t10k-labels-idx1-ubyte.gz
Downloading https://ossci-datasets.s3.amazonaws.com/mnist/t10k-labels-idx1-ubyte.gz to ../data/MNIST/raw/t10k-labels-idx1-ubyte.gz
  0% 0/4542 [00:00<?, ?it/s]100% 4542/4542 [00:00<00:00, 1200184.51it/s]
Extracting ../data/MNIST/raw/t10k-labels-idx1-ubyte.gz to ../data/MNIST/raw

Train Epoch: 1 [0/60000 (0%)]	Loss: 2.305400
Train Epoch: 1 [640/60000 (1%)]	Loss: 2.248817
Train Epoch: 1 [1280/60000 (2%)]	Loss: 2.227302
Train Epoch: 1 [1920/60000 (3%)]	Loss: 2.141271
Train Epoch: 1 [2560/60000 (4%)]	Loss: 2.061521
Train Epoch: 1 [3200/60000 (5%)]	Loss: 2.028755
Train Epoch: 1 [3840/60000 (6%)]	Loss: 1.839574
Train Epoch: 1 [4480/60000 (7%)]	Loss: 1.715346
Train Epoch: 1 [5120/60000 (9%)]	Loss: 1.668277
Train Epoch: 1 [5760/60000 (10%)]	Loss: 1.609525
Train Epoch: 1 [6400/60000 (11%)]	Loss: 1.456459
Train Epoch: 1 [7040/60000 (12%)]	Loss: 1.388247
Train Epoch: 1 [7680/60000 (13%)]	Loss: 1.336838
Train Epoch: 1 [8320/60000 (14%)]	Loss: 1.172005
Train Epoch: 1 [8960/60000 (15%)]	Loss: 1.006323
Train Epoch: 1 [9600/60000 (16%)]	Loss: 0.929298
Train Epoch: 1 [10240/60000 (17%)]	Loss: 1.014074
Train Epoch: 1 [10880/60000 (18%)]	Loss: 0.859139
Train Epoch: 1 [11520/60000 (19%)]	Loss: 0.980868
Train Epoch: 1 [12160/60000 (20%)]	Loss: 0.921478
Train Epoch: 1 [12800/60000 (21%)]	Loss: 0.859951
Train Epoch: 1 [13440/60000 (22%)]	Loss: 0.642152
Train Epoch: 1 [14080/60000 (23%)]	Loss: 0.915840
Train Epoch: 1 [14720/60000 (25%)]	Loss: 1.087520
Train Epoch: 1 [15360/60000 (26%)]	Loss: 0.742895
Train Epoch: 1 [16000/60000 (27%)]	Loss: 0.808047
Train Epoch: 1 [16640/60000 (28%)]	Loss: 0.769447
Train Epoch: 1 [17280/60000 (29%)]	Loss: 0.565234
Train Epoch: 1 [17920/60000 (30%)]	Loss: 0.535160
Train Epoch: 1 [18560/60000 (31%)]	Loss: 0.618263
Train Epoch: 1 [19200/60000 (32%)]	Loss: 0.676153
Train Epoch: 1 [19840/60000 (33%)]	Loss: 0.572889
Train Epoch: 1 [20480/60000 (34%)]	Loss: 0.515339
Train Epoch: 1 [21120/60000 (35%)]	Loss: 0.605109
Train Epoch: 1 [21760/60000 (36%)]	Loss: 0.271430
Train Epoch: 1 [22400/60000 (37%)]	Loss: 0.478785
Train Epoch: 1 [23040/60000 (38%)]	Loss: 0.680710
Train Epoch: 1 [23680/60000 (39%)]	Loss: 0.774688
Train Epoch: 1 [24320/60000 (41%)]	Loss: 0.540110
Train Epoch: 1 [24960/60000 (42%)]	Loss: 0.559310
Train Epoch: 1 [25600/60000 (43%)]	Loss: 0.508701
Train Epoch: 1 [26240/60000 (44%)]	Loss: 0.561947
Train Epoch: 1 [26880/60000 (45%)]	Loss: 0.697084
Train Epoch: 1 [27520/60000 (46%)]	Loss: 0.419555
Train Epoch: 1 [28160/60000 (47%)]	Loss: 0.505048
Train Epoch: 1 [28800/60000 (48%)]	Loss: 0.510955
Train Epoch: 1 [29440/60000 (49%)]	Loss: 0.562617
Train Epoch: 1 [30080/60000 (50%)]	Loss: 0.800456
Train Epoch: 1 [30720/60000 (51%)]	Loss: 0.624388
Train Epoch: 1 [31360/60000 (52%)]	Loss: 0.676574
Train Epoch: 1 [32000/60000 (53%)]	Loss: 0.570639
Train Epoch: 1 [32640/60000 (54%)]	Loss: 0.509440
Train Epoch: 1 [33280/60000 (55%)]	Loss: 0.483897
Train Epoch: 1 [33920/60000 (57%)]	Loss: 0.264448
Train Epoch: 1 [34560/60000 (58%)]	Loss: 0.461529
Train Epoch: 1 [35200/60000 (59%)]	Loss: 0.570405
Train Epoch: 1 [35840/60000 (60%)]	Loss: 0.514137
Train Epoch: 1 [36480/60000 (61%)]	Loss: 0.512894
Train Epoch: 1 [37120/60000 (62%)]	Loss: 0.549715
Train Epoch: 1 [37760/60000 (63%)]	Loss: 0.558746
Train Epoch: 1 [38400/60000 (64%)]	Loss: 0.447728
Train Epoch: 1 [39040/60000 (65%)]	Loss: 0.284562
Train Epoch: 1 [39680/60000 (66%)]	Loss: 0.431928
Train Epoch: 1 [40320/60000 (67%)]	Loss: 0.412784
Train Epoch: 1 [40960/60000 (68%)]	Loss: 0.476953
Train Epoch: 1 [41600/60000 (69%)]	Loss: 0.410533
Train Epoch: 1 [42240/60000 (70%)]	Loss: 0.507605
Train Epoch: 1 [42880/60000 (71%)]	Loss: 0.599570
Train Epoch: 1 [43520/60000 (72%)]	Loss: 0.539022
Train Epoch: 1 [44160/60000 (74%)]	Loss: 0.462701
Train Epoch: 1 [44800/60000 (75%)]	Loss: 0.559248
Train Epoch: 1 [45440/60000 (76%)]	Loss: 0.794411
Train Epoch: 1 [46080/60000 (77%)]	Loss: 0.475857
Train Epoch: 1 [46720/60000 (78%)]	Loss: 0.457556
Train Epoch: 1 [47360/60000 (79%)]	Loss: 0.579242
Train Epoch: 1 [48000/60000 (80%)]	Loss: 0.336687
Train Epoch: 1 [48640/60000 (81%)]	Loss: 0.416759
Train Epoch: 1 [49280/60000 (82%)]	Loss: 0.326367
Train Epoch: 1 [49920/60000 (83%)]	Loss: 0.496430
Train Epoch: 1 [50560/60000 (84%)]	Loss: 0.618957
Train Epoch: 1 [51200/60000 (85%)]	Loss: 0.495532
Train Epoch: 1 [51840/60000 (86%)]	Loss: 0.344937
Train Epoch: 1 [52480/60000 (87%)]	Loss: 0.214544
Train Epoch: 1 [53120/60000 (88%)]	Loss: 0.573358
Train Epoch: 1 [53760/60000 (90%)]	Loss: 0.283528
Train Epoch: 1 [54400/60000 (91%)]	Loss: 0.435187
Train Epoch: 1 [55040/60000 (92%)]	Loss: 0.376132
Train Epoch: 1 [55680/60000 (93%)]	Loss: 0.521552
Train Epoch: 1 [56320/60000 (94%)]	Loss: 0.403856
Train Epoch: 1 [56960/60000 (95%)]	Loss: 0.525735
Train Epoch: 1 [57600/60000 (96%)]	Loss: 0.457046
Train Epoch: 1 [58240/60000 (97%)]	Loss: 0.205653
Train Epoch: 1 [58880/60000 (98%)]	Loss: 0.068705
Train Epoch: 1 [59520/60000 (99%)]	Loss: 0.101904

Test set: Average loss: 0.2908, Accuracy: 9155/10000 (92%)

Train Epoch: 2 [0/60000 (0%)]	Loss: 0.457782
Train Epoch: 2 [640/60000 (1%)]	Loss: 0.431235
Train Epoch: 2 [1280/60000 (2%)]	Loss: 0.466967
Train Epoch: 2 [1920/60000 (3%)]	Loss: 0.301037
Train Epoch: 2 [2560/60000 (4%)]	Loss: 0.336859
Train Epoch: 2 [3200/60000 (5%)]	Loss: 0.361020
Train Epoch: 2 [3840/60000 (6%)]	Loss: 0.263865
Train Epoch: 2 [4480/60000 (7%)]	Loss: 0.390650
Train Epoch: 2 [5120/60000 (9%)]	Loss: 0.715208
Train Epoch: 2 [5760/60000 (10%)]	Loss: 0.408706
Train Epoch: 2 [6400/60000 (11%)]	Loss: 0.385114
Train Epoch: 2 [7040/60000 (12%)]	Loss: 0.265119
Train Epoch: 2 [7680/60000 (13%)]	Loss: 0.459433
Train Epoch: 2 [8320/60000 (14%)]	Loss: 0.306890
Train Epoch: 2 [8960/60000 (15%)]	Loss: 0.330366
Train Epoch: 2 [9600/60000 (16%)]	Loss: 0.405674
Train Epoch: 2 [10240/60000 (17%)]	Loss: 0.430232
Train Epoch: 2 [10880/60000 (18%)]	Loss: 0.365865
Train Epoch: 2 [11520/60000 (19%)]	Loss: 0.650307
Train Epoch: 2 [12160/60000 (20%)]	Loss: 0.374707
Train Epoch: 2 [12800/60000 (21%)]	Loss: 0.295192
Train Epoch: 2 [13440/60000 (22%)]	Loss: 0.234381
Train Epoch: 2 [14080/60000 (23%)]	Loss: 0.498855
Train Epoch: 2 [14720/60000 (25%)]	Loss: 0.618552
Train Epoch: 2 [15360/60000 (26%)]	Loss: 0.314082
Train Epoch: 2 [16000/60000 (27%)]	Loss: 0.551128
Train Epoch: 2 [16640/60000 (28%)]	Loss: 0.582679
Train Epoch: 2 [17280/60000 (29%)]	Loss: 0.254284
Train Epoch: 2 [17920/60000 (30%)]	Loss: 0.359231
Train Epoch: 2 [18560/60000 (31%)]	Loss: 0.359606
Train Epoch: 2 [19200/60000 (32%)]	Loss: 0.532714
Train Epoch: 2 [19840/60000 (33%)]	Loss: 0.307461
Train Epoch: 2 [20480/60000 (34%)]	Loss: 0.253743
Train Epoch: 2 [21120/60000 (35%)]	Loss: 0.409718
Train Epoch: 2 [21760/60000 (36%)]	Loss: 0.119767
Train Epoch: 2 [22400/60000 (37%)]	Loss: 0.318030
Train Epoch: 2 [23040/60000 (38%)]	Loss: 0.421586
Train Epoch: 2 [23680/60000 (39%)]	Loss: 0.644046
Train Epoch: 2 [24320/60000 (41%)]	Loss: 0.303774
Train Epoch: 2 [24960/60000 (42%)]	Loss: 0.422015
Train Epoch: 2 [25600/60000 (43%)]	Loss: 0.234656
Train Epoch: 2 [26240/60000 (44%)]	Loss: 0.420623
Train Epoch: 2 [26880/60000 (45%)]	Loss: 0.502852
Train Epoch: 2 [27520/60000 (46%)]	Loss: 0.295399
Train Epoch: 2 [28160/60000 (47%)]	Loss: 0.474969
Train Epoch: 2 [28800/60000 (48%)]	Loss: 0.246899
Train Epoch: 2 [29440/60000 (49%)]	Loss: 0.243968
Train Epoch: 2 [30080/60000 (50%)]	Loss: 0.563591
Train Epoch: 2 [30720/60000 (51%)]	Loss: 0.517711
Train Epoch: 2 [31360/60000 (52%)]	Loss: 0.482937
Train Epoch: 2 [32000/60000 (53%)]	Loss: 0.393518
Train Epoch: 2 [32640/60000 (54%)]	Loss: 0.430459
Train Epoch: 2 [33280/60000 (55%)]	Loss: 0.399453
Train Epoch: 2 [33920/60000 (57%)]	Loss: 0.237083
Train Epoch: 2 [34560/60000 (58%)]	Loss: 0.349589
Train Epoch: 2 [35200/60000 (59%)]	Loss: 0.316045
Train Epoch: 2 [35840/60000 (60%)]	Loss: 0.367005
Train Epoch: 2 [36480/60000 (61%)]	Loss: 0.395228
Train Epoch: 2 [37120/60000 (62%)]	Loss: 0.351372
Train Epoch: 2 [37760/60000 (63%)]	Loss: 0.354620
Train Epoch: 2 [38400/60000 (64%)]	Loss: 0.249862
Train Epoch: 2 [39040/60000 (65%)]	Loss: 0.178130
Train Epoch: 2 [39680/60000 (66%)]	Loss: 0.271998
Train Epoch: 2 [40320/60000 (67%)]	Loss: 0.243478
Train Epoch: 2 [40960/60000 (68%)]	Loss: 0.426142
Train Epoch: 2 [41600/60000 (69%)]	Loss: 0.299338
Train Epoch: 2 [42240/60000 (70%)]	Loss: 0.312145
Train Epoch: 2 [42880/60000 (71%)]	Loss: 0.517636
Train Epoch: 2 [43520/60000 (72%)]	Loss: 0.333114
Train Epoch: 2 [44160/60000 (74%)]	Loss: 0.323925
Train Epoch: 2 [44800/60000 (75%)]	Loss: 0.474962
Train Epoch: 2 [45440/60000 (76%)]	Loss: 0.674513
Train Epoch: 2 [46080/60000 (77%)]	Loss: 0.526620
Train Epoch: 2 [46720/60000 (78%)]	Loss: 0.371320
Train Epoch: 2 [47360/60000 (79%)]	Loss: 0.495737
Train Epoch: 2 [48000/60000 (80%)]	Loss: 0.200616
Train Epoch: 2 [48640/60000 (81%)]	Loss: 0.336673
Train Epoch: 2 [49280/60000 (82%)]	Loss: 0.230454
Train Epoch: 2 [49920/60000 (83%)]	Loss: 0.275914
Train Epoch: 2 [50560/60000 (84%)]	Loss: 0.438829
Train Epoch: 2 [51200/60000 (85%)]	Loss: 0.421352
Train Epoch: 2 [51840/60000 (86%)]	Loss: 0.217595
Train Epoch: 2 [52480/60000 (87%)]	Loss: 0.120413
Train Epoch: 2 [53120/60000 (88%)]	Loss: 0.440325
Train Epoch: 2 [53760/60000 (90%)]	Loss: 0.237695
Train Epoch: 2 [54400/60000 (91%)]	Loss: 0.233048
Train Epoch: 2 [55040/60000 (92%)]	Loss: 0.267406
Train Epoch: 2 [55680/60000 (93%)]	Loss: 0.506789
Train Epoch: 2 [56320/60000 (94%)]	Loss: 0.343256
Train Epoch: 2 [56960/60000 (95%)]	Loss: 0.393630
Train Epoch: 2 [57600/60000 (96%)]	Loss: 0.416203
Train Epoch: 2 [58240/60000 (97%)]	Loss: 0.113696
Train Epoch: 2 [58880/60000 (98%)]	Loss: 0.119628
Train Epoch: 2 [59520/60000 (99%)]	Loss: 0.086396

Test set: Average loss: 0.2255, Accuracy: 9343/10000 (93%)

Train Epoch: 3 [0/60000 (0%)]	Loss: 0.287125
Train Epoch: 3 [640/60000 (1%)]	Loss: 0.343223
Train Epoch: 3 [1280/60000 (2%)]	Loss: 0.418927
Train Epoch: 3 [1920/60000 (3%)]	Loss: 0.289698
Train Epoch: 3 [2560/60000 (4%)]	Loss: 0.274242
Train Epoch: 3 [3200/60000 (5%)]	Loss: 0.387629
Train Epoch: 3 [3840/60000 (6%)]	Loss: 0.173654
Train Epoch: 3 [4480/60000 (7%)]	Loss: 0.297531
Train Epoch: 3 [5120/60000 (9%)]	Loss: 0.500654
Train Epoch: 3 [5760/60000 (10%)]	Loss: 0.274219
Train Epoch: 3 [6400/60000 (11%)]	Loss: 0.203115
Train Epoch: 3 [7040/60000 (12%)]	Loss: 0.264975
Train Epoch: 3 [7680/60000 (13%)]	Loss: 0.344811
Train Epoch: 3 [8320/60000 (14%)]	Loss: 0.282965
Train Epoch: 3 [8960/60000 (15%)]	Loss: 0.293926
Train Epoch: 3 [9600/60000 (16%)]	Loss: 0.362728
Train Epoch: 3 [10240/60000 (17%)]	Loss: 0.482611
Train Epoch: 3 [10880/60000 (18%)]	Loss: 0.239524
Train Epoch: 3 [11520/60000 (19%)]	Loss: 0.614023
Train Epoch: 3 [12160/60000 (20%)]	Loss: 0.481215
Train Epoch: 3 [12800/60000 (21%)]	Loss: 0.333324
Train Epoch: 3 [13440/60000 (22%)]	Loss: 0.239909
Train Epoch: 3 [14080/60000 (23%)]	Loss: 0.334220
Train Epoch: 3 [14720/60000 (25%)]	Loss: 0.488127
Train Epoch: 3 [15360/60000 (26%)]	Loss: 0.218219
Train Epoch: 3 [16000/60000 (27%)]	Loss: 0.499665
Train Epoch: 3 [16640/60000 (28%)]	Loss: 0.453244
Train Epoch: 3 [17280/60000 (29%)]	Loss: 0.157693
Train Epoch: 3 [17920/60000 (30%)]	Loss: 0.341703
Train Epoch: 3 [18560/60000 (31%)]	Loss: 0.339225
Train Epoch: 3 [19200/60000 (32%)]	Loss: 0.423696
Train Epoch: 3 [19840/60000 (33%)]	Loss: 0.238961
Train Epoch: 3 [20480/60000 (34%)]	Loss: 0.210982
Train Epoch: 3 [21120/60000 (35%)]	Loss: 0.418434
Train Epoch: 3 [21760/60000 (36%)]	Loss: 0.119920
Train Epoch: 3 [22400/60000 (37%)]	Loss: 0.307802
Train Epoch: 3 [23040/60000 (38%)]	Loss: 0.359569
Train Epoch: 3 [23680/60000 (39%)]	Loss: 0.520992
Train Epoch: 3 [24320/60000 (41%)]	Loss: 0.202494
Train Epoch: 3 [24960/60000 (42%)]	Loss: 0.430403
Train Epoch: 3 [25600/60000 (43%)]	Loss: 0.226655
Train Epoch: 3 [26240/60000 (44%)]	Loss: 0.414733
Train Epoch: 3 [26880/60000 (45%)]	Loss: 0.347171
Train Epoch: 3 [27520/60000 (46%)]	Loss: 0.286235
Train Epoch: 3 [28160/60000 (47%)]	Loss: 0.492127
Train Epoch: 3 [28800/60000 (48%)]	Loss: 0.234297
Train Epoch: 3 [29440/60000 (49%)]	Loss: 0.235773
Train Epoch: 3 [30080/60000 (50%)]	Loss: 0.408503
Train Epoch: 3 [30720/60000 (51%)]	Loss: 0.469724
Train Epoch: 3 [31360/60000 (52%)]	Loss: 0.456675
Train Epoch: 3 [32000/60000 (53%)]	Loss: 0.296067
Train Epoch: 3 [32640/60000 (54%)]	Loss: 0.395202
Train Epoch: 3 [33280/60000 (55%)]	Loss: 0.274356
Train Epoch: 3 [33920/60000 (57%)]	Loss: 0.137108
Train Epoch: 3 [34560/60000 (58%)]	Loss: 0.306316
Train Epoch: 3 [35200/60000 (59%)]	Loss: 0.398282
Train Epoch: 3 [35840/60000 (60%)]	Loss: 0.254331
Train Epoch: 3 [36480/60000 (61%)]	Loss: 0.340000
Train Epoch: 3 [37120/60000 (62%)]	Loss: 0.331119
Train Epoch: 3 [37760/60000 (63%)]	Loss: 0.270201
Train Epoch: 3 [38400/60000 (64%)]	Loss: 0.180687
Train Epoch: 3 [39040/60000 (65%)]	Loss: 0.128913
Train Epoch: 3 [39680/60000 (66%)]	Loss: 0.369289
Train Epoch: 3 [40320/60000 (67%)]	Loss: 0.128718
Train Epoch: 3 [40960/60000 (68%)]	Loss: 0.340232
Train Epoch: 3 [41600/60000 (69%)]	Loss: 0.291662
Train Epoch: 3 [42240/60000 (70%)]	Loss: 0.318946
Train Epoch: 3 [42880/60000 (71%)]	Loss: 0.374686
Train Epoch: 3 [43520/60000 (72%)]	Loss: 0.253771
Train Epoch: 3 [44160/60000 (74%)]	Loss: 0.222635
Train Epoch: 3 [44800/60000 (75%)]	Loss: 0.404785
Train Epoch: 3 [45440/60000 (76%)]	Loss: 0.593748
Train Epoch: 3 [46080/60000 (77%)]	Loss: 0.383866
Train Epoch: 3 [46720/60000 (78%)]	Loss: 0.335533
Train Epoch: 3 [47360/60000 (79%)]	Loss: 0.347432
Train Epoch: 3 [48000/60000 (80%)]	Loss: 0.204618
Train Epoch: 3 [48640/60000 (81%)]	Loss: 0.361046
Train Epoch: 3 [49280/60000 (82%)]	Loss: 0.227335
Train Epoch: 3 [49920/60000 (83%)]	Loss: 0.307113
Train Epoch: 3 [50560/60000 (84%)]	Loss: 0.396474
Train Epoch: 3 [51200/60000 (85%)]	Loss: 0.310927
Train Epoch: 3 [51840/60000 (86%)]	Loss: 0.273654
Train Epoch: 3 [52480/60000 (87%)]	Loss: 0.151836
Train Epoch: 3 [53120/60000 (88%)]	Loss: 0.426736
Train Epoch: 3 [53760/60000 (90%)]	Loss: 0.223733
Train Epoch: 3 [54400/60000 (91%)]	Loss: 0.256886
Train Epoch: 3 [55040/60000 (92%)]	Loss: 0.204760
Train Epoch: 3 [55680/60000 (93%)]	Loss: 0.449962
Train Epoch: 3 [56320/60000 (94%)]	Loss: 0.283414
Train Epoch: 3 [56960/60000 (95%)]	Loss: 0.297973
Train Epoch: 3 [57600/60000 (96%)]	Loss: 0.466810
Train Epoch: 3 [58240/60000 (97%)]	Loss: 0.126864
Train Epoch: 3 [58880/60000 (98%)]	Loss: 0.067207
Train Epoch: 3 [59520/60000 (99%)]	Loss: 0.124948

Test set: Average loss: 0.1986, Accuracy: 9421/10000 (94%)

Train Epoch: 4 [0/60000 (0%)]	Loss: 0.279085
Train Epoch: 4 [640/60000 (1%)]	Loss: 0.278384
Train Epoch: 4 [1280/60000 (2%)]	Loss: 0.436340
Train Epoch: 4 [1920/60000 (3%)]	Loss: 0.258837
Train Epoch: 4 [2560/60000 (4%)]	Loss: 0.245379
Train Epoch: 4 [3200/60000 (5%)]	Loss: 0.254937
Train Epoch: 4 [3840/60000 (6%)]	Loss: 0.140413
Train Epoch: 4 [4480/60000 (7%)]	Loss: 0.356067
Train Epoch: 4 [5120/60000 (9%)]	Loss: 0.470725
Train Epoch: 4 [5760/60000 (10%)]	Loss: 0.240385
Train Epoch: 4 [6400/60000 (11%)]	Loss: 0.313811
Train Epoch: 4 [7040/60000 (12%)]	Loss: 0.156422
Train Epoch: 4 [7680/60000 (13%)]	Loss: 0.307877
Train Epoch: 4 [8320/60000 (14%)]	Loss: 0.261209
Train Epoch: 4 [8960/60000 (15%)]	Loss: 0.267803
Train Epoch: 4 [9600/60000 (16%)]	Loss: 0.356546
Train Epoch: 4 [10240/60000 (17%)]	Loss: 0.521429
Train Epoch: 4 [10880/60000 (18%)]	Loss: 0.200502
Train Epoch: 4 [11520/60000 (19%)]	Loss: 0.605154
Train Epoch: 4 [12160/60000 (20%)]	Loss: 0.430742
Train Epoch: 4 [12800/60000 (21%)]	Loss: 0.236863
Train Epoch: 4 [13440/60000 (22%)]	Loss: 0.176720
Train Epoch: 4 [14080/60000 (23%)]	Loss: 0.295400
Train Epoch: 4 [14720/60000 (25%)]	Loss: 0.726445
Train Epoch: 4 [15360/60000 (26%)]	Loss: 0.186618
Train Epoch: 4 [16000/60000 (27%)]	Loss: 0.521742
Train Epoch: 4 [16640/60000 (28%)]	Loss: 0.545510
Train Epoch: 4 [17280/60000 (29%)]	Loss: 0.130241
Train Epoch: 4 [17920/60000 (30%)]	Loss: 0.239388
Train Epoch: 4 [18560/60000 (31%)]	Loss: 0.260139
Train Epoch: 4 [19200/60000 (32%)]	Loss: 0.243705
Train Epoch: 4 [19840/60000 (33%)]	Loss: 0.227118
Train Epoch: 4 [20480/60000 (34%)]	Loss: 0.174882
Train Epoch: 4 [21120/60000 (35%)]	Loss: 0.318635
Train Epoch: 4 [21760/60000 (36%)]	Loss: 0.090739
Train Epoch: 4 [22400/60000 (37%)]	Loss: 0.239844
Train Epoch: 4 [23040/60000 (38%)]	Loss: 0.489375
Train Epoch: 4 [23680/60000 (39%)]	Loss: 0.473098
Train Epoch: 4 [24320/60000 (41%)]	Loss: 0.185711
Train Epoch: 4 [24960/60000 (42%)]	Loss: 0.295008
Train Epoch: 4 [25600/60000 (43%)]	Loss: 0.217644
Train Epoch: 4 [26240/60000 (44%)]	Loss: 0.233634
Train Epoch: 4 [26880/60000 (45%)]	Loss: 0.357880
Train Epoch: 4 [27520/60000 (46%)]	Loss: 0.242821
Train Epoch: 4 [28160/60000 (47%)]	Loss: 0.361933
Train Epoch: 4 [28800/60000 (48%)]	Loss: 0.131690
Train Epoch: 4 [29440/60000 (49%)]	Loss: 0.133178
Train Epoch: 4 [30080/60000 (50%)]	Loss: 0.249363
Train Epoch: 4 [30720/60000 (51%)]	Loss: 0.273985
Train Epoch: 4 [31360/60000 (52%)]	Loss: 0.236566
Train Epoch: 4 [32000/60000 (53%)]	Loss: 0.389867
Train Epoch: 4 [32640/60000 (54%)]	Loss: 0.416155
Train Epoch: 4 [33280/60000 (55%)]	Loss: 0.316760
Train Epoch: 4 [33920/60000 (57%)]	Loss: 0.118360
Train Epoch: 4 [34560/60000 (58%)]	Loss: 0.256180
Train Epoch: 4 [35200/60000 (59%)]	Loss: 0.297382
Train Epoch: 4 [35840/60000 (60%)]	Loss: 0.212141
Train Epoch: 4 [36480/60000 (61%)]	Loss: 0.318225
Train Epoch: 4 [37120/60000 (62%)]	Loss: 0.346324
Train Epoch: 4 [37760/60000 (63%)]	Loss: 0.280449
Train Epoch: 4 [38400/60000 (64%)]	Loss: 0.228255
Train Epoch: 4 [39040/60000 (65%)]	Loss: 0.118610
Train Epoch: 4 [39680/60000 (66%)]	Loss: 0.288214
Train Epoch: 4 [40320/60000 (67%)]	Loss: 0.177182
Train Epoch: 4 [40960/60000 (68%)]	Loss: 0.395776
Train Epoch: 4 [41600/60000 (69%)]	Loss: 0.272258
Train Epoch: 4 [42240/60000 (70%)]	Loss: 0.230693
Train Epoch: 4 [42880/60000 (71%)]	Loss: 0.382626
Train Epoch: 4 [43520/60000 (72%)]	Loss: 0.322763
Train Epoch: 4 [44160/60000 (74%)]	Loss: 0.240321
Train Epoch: 4 [44800/60000 (75%)]	Loss: 0.367819
Train Epoch: 4 [45440/60000 (76%)]	Loss: 0.450345
Train Epoch: 4 [46080/60000 (77%)]	Loss: 0.441219
Train Epoch: 4 [46720/60000 (78%)]	Loss: 0.277591
Train Epoch: 4 [47360/60000 (79%)]	Loss: 0.338673
Train Epoch: 4 [48000/60000 (80%)]	Loss: 0.192939
Train Epoch: 4 [48640/60000 (81%)]	Loss: 0.314886
Train Epoch: 4 [49280/60000 (82%)]	Loss: 0.153665
Train Epoch: 4 [49920/60000 (83%)]	Loss: 0.310833
Train Epoch: 4 [50560/60000 (84%)]	Loss: 0.491552
Train Epoch: 4 [51200/60000 (85%)]	Loss: 0.293118
Train Epoch: 4 [51840/60000 (86%)]	Loss: 0.179340
Train Epoch: 4 [52480/60000 (87%)]	Loss: 0.131076
Train Epoch: 4 [53120/60000 (88%)]	Loss: 0.309846
Train Epoch: 4 [53760/60000 (90%)]	Loss: 0.127530
Train Epoch: 4 [54400/60000 (91%)]	Loss: 0.183827
Train Epoch: 4 [55040/60000 (92%)]	Loss: 0.149312
Train Epoch: 4 [55680/60000 (93%)]	Loss: 0.325442
Train Epoch: 4 [56320/60000 (94%)]	Loss: 0.196155
Train Epoch: 4 [56960/60000 (95%)]	Loss: 0.171629
Train Epoch: 4 [57600/60000 (96%)]	Loss: 0.398495
Train Epoch: 4 [58240/60000 (97%)]	Loss: 0.116292
Train Epoch: 4 [58880/60000 (98%)]	Loss: 0.101154
Train Epoch: 4 [59520/60000 (99%)]	Loss: 0.057964

Test set: Average loss: 0.1811, Accuracy: 9478/10000 (95%)

Train Epoch: 5 [0/60000 (0%)]	Loss: 0.213473
Train Epoch: 5 [640/60000 (1%)]	Loss: 0.195485
Train Epoch: 5 [1280/60000 (2%)]	Loss: 0.376302
Train Epoch: 5 [1920/60000 (3%)]	Loss: 0.229994
Train Epoch: 5 [2560/60000 (4%)]	Loss: 0.230630
Train Epoch: 5 [3200/60000 (5%)]	Loss: 0.286972
Train Epoch: 5 [3840/60000 (6%)]	Loss: 0.107747
Train Epoch: 5 [4480/60000 (7%)]	Loss: 0.222176
Train Epoch: 5 [5120/60000 (9%)]	Loss: 0.673742
Train Epoch: 5 [5760/60000 (10%)]	Loss: 0.229558
Train Epoch: 5 [6400/60000 (11%)]	Loss: 0.226746
Train Epoch: 5 [7040/60000 (12%)]	Loss: 0.227155
Train Epoch: 5 [7680/60000 (13%)]	Loss: 0.275932
Train Epoch: 5 [8320/60000 (14%)]	Loss: 0.219606
Train Epoch: 5 [8960/60000 (15%)]	Loss: 0.266667
Train Epoch: 5 [9600/60000 (16%)]	Loss: 0.295065
Train Epoch: 5 [10240/60000 (17%)]	Loss: 0.503627
Train Epoch: 5 [10880/60000 (18%)]	Loss: 0.224984
Train Epoch: 5 [11520/60000 (19%)]	Loss: 0.565862
Train Epoch: 5 [12160/60000 (20%)]	Loss: 0.378774
Train Epoch: 5 [12800/60000 (21%)]	Loss: 0.198077
Train Epoch: 5 [13440/60000 (22%)]	Loss: 0.134512
Train Epoch: 5 [14080/60000 (23%)]	Loss: 0.378650
Train Epoch: 5 [14720/60000 (25%)]	Loss: 0.545528
Train Epoch: 5 [15360/60000 (26%)]	Loss: 0.147474
Train Epoch: 5 [16000/60000 (27%)]	Loss: 0.414481
Train Epoch: 5 [16640/60000 (28%)]	Loss: 0.414571
Train Epoch: 5 [17280/60000 (29%)]	Loss: 0.124584
Train Epoch: 5 [17920/60000 (30%)]	Loss: 0.233873
Train Epoch: 5 [18560/60000 (31%)]	Loss: 0.295402
Train Epoch: 5 [19200/60000 (32%)]	Loss: 0.319789
Train Epoch: 5 [19840/60000 (33%)]	Loss: 0.259945
Train Epoch: 5 [20480/60000 (34%)]	Loss: 0.206419
Train Epoch: 5 [21120/60000 (35%)]	Loss: 0.350060
Train Epoch: 5 [21760/60000 (36%)]	Loss: 0.132363
Train Epoch: 5 [22400/60000 (37%)]	Loss: 0.232347
Train Epoch: 5 [23040/60000 (38%)]	Loss: 0.330287
Train Epoch: 5 [23680/60000 (39%)]	Loss: 0.427379
Train Epoch: 5 [24320/60000 (41%)]	Loss: 0.168952
Train Epoch: 5 [24960/60000 (42%)]	Loss: 0.319205
Train Epoch: 5 [25600/60000 (43%)]	Loss: 0.196534
Train Epoch: 5 [26240/60000 (44%)]	Loss: 0.240233
Train Epoch: 5 [26880/60000 (45%)]	Loss: 0.356028
Train Epoch: 5 [27520/60000 (46%)]	Loss: 0.231876
Train Epoch: 5 [28160/60000 (47%)]	Loss: 0.286666
Train Epoch: 5 [28800/60000 (48%)]	Loss: 0.196672
Train Epoch: 5 [29440/60000 (49%)]	Loss: 0.155073
Train Epoch: 5 [30080/60000 (50%)]	Loss: 0.359477
Train Epoch: 5 [30720/60000 (51%)]	Loss: 0.419772
Train Epoch: 5 [31360/60000 (52%)]	Loss: 0.356632
Train Epoch: 5 [32000/60000 (53%)]	Loss: 0.340443
Train Epoch: 5 [32640/60000 (54%)]	Loss: 0.374093
Train Epoch: 5 [33280/60000 (55%)]	Loss: 0.228869
Train Epoch: 5 [33920/60000 (57%)]	Loss: 0.106205
Train Epoch: 5 [34560/60000 (58%)]	Loss: 0.235896
Train Epoch: 5 [35200/60000 (59%)]	Loss: 0.425648
Train Epoch: 5 [35840/60000 (60%)]	Loss: 0.276770
Train Epoch: 5 [36480/60000 (61%)]	Loss: 0.291461
Train Epoch: 5 [37120/60000 (62%)]	Loss: 0.346229
Train Epoch: 5 [37760/60000 (63%)]	Loss: 0.336489
Train Epoch: 5 [38400/60000 (64%)]	Loss: 0.225455
Train Epoch: 5 [39040/60000 (65%)]	Loss: 0.163152
Train Epoch: 5 [39680/60000 (66%)]	Loss: 0.252767
Train Epoch: 5 [40320/60000 (67%)]	Loss: 0.253741
Train Epoch: 5 [40960/60000 (68%)]	Loss: 0.316884
Train Epoch: 5 [41600/60000 (69%)]	Loss: 0.214822
Train Epoch: 5 [42240/60000 (70%)]	Loss: 0.228631
Train Epoch: 5 [42880/60000 (71%)]	Loss: 0.379971
Train Epoch: 5 [43520/60000 (72%)]	Loss: 0.251224
Train Epoch: 5 [44160/60000 (74%)]	Loss: 0.250235
Train Epoch: 5 [44800/60000 (75%)]	Loss: 0.403758
Train Epoch: 5 [45440/60000 (76%)]	Loss: 0.469995
Train Epoch: 5 [46080/60000 (77%)]	Loss: 0.326094
Train Epoch: 5 [46720/60000 (78%)]	Loss: 0.296751
Train Epoch: 5 [47360/60000 (79%)]	Loss: 0.262486
Train Epoch: 5 [48000/60000 (80%)]	Loss: 0.185355
Train Epoch: 5 [48640/60000 (81%)]	Loss: 0.342658
Train Epoch: 5 [49280/60000 (82%)]	Loss: 0.155176
Train Epoch: 5 [49920/60000 (83%)]	Loss: 0.183236
Train Epoch: 5 [50560/60000 (84%)]	Loss: 0.260920
Train Epoch: 5 [51200/60000 (85%)]	Loss: 0.238885
Train Epoch: 5 [51840/60000 (86%)]	Loss: 0.159714
Train Epoch: 5 [52480/60000 (87%)]	Loss: 0.089548
Train Epoch: 5 [53120/60000 (88%)]	Loss: 0.399601
Train Epoch: 5 [53760/60000 (90%)]	Loss: 0.141119
Train Epoch: 5 [54400/60000 (91%)]	Loss: 0.258685
Train Epoch: 5 [55040/60000 (92%)]	Loss: 0.162798
Train Epoch: 5 [55680/60000 (93%)]	Loss: 0.194304
Train Epoch: 5 [56320/60000 (94%)]	Loss: 0.221756
Train Epoch: 5 [56960/60000 (95%)]	Loss: 0.178563
Train Epoch: 5 [57600/60000 (96%)]	Loss: 0.379489
Train Epoch: 5 [58240/60000 (97%)]	Loss: 0.114900
Train Epoch: 5 [58880/60000 (98%)]	Loss: 0.052914
Train Epoch: 5 [59520/60000 (99%)]	Loss: 0.068367

Test set: Average loss: 0.1710, Accuracy: 9508/10000 (95%)

